nohup: ignoring input
Processing file: /mnt/d/RUNs/RUN2409/LC_measure/NI Project Data/记录-2024-09-02 081451 261.tdms
Time to read the file: 19.1364304 Seconds
Creating file: /mnt/d/RUNs_data_analysis/RUN2409/Converted_Data/tdms2/NewSB_09020814/1cmLMO/1cmLMO.BIN2
Processing chunk 0
Processing chunk 1
Processing chunk 2
Processing chunk 3
Processing chunk 4
Processing chunk 5
Processing chunk 6
Processing chunk 7
Processing chunk 8
Processing chunk 9
Processing chunk 10
Processing chunk 11
Processing chunk 12
Processing chunk 13
Processing chunk 14
Processing chunk 15
Processing chunk 16
Creating file: /mnt/d/RUNs_data_analysis/RUN2409/Converted_Data/tdms2/NewSB_09020814/LD/LD.BIN2
Processing chunk 0
Processing chunk 1
Processing chunk 2
Processing chunk 3
Processing chunk 4
Processing chunk 5
Processing chunk 6
Processing chunk 7
Processing chunk 8
Processing chunk 9
Processing chunk 10
Processing chunk 11
Processing chunk 12
Processing chunk 13
Processing chunk 14
Processing chunk 15
Processing chunk 16
Creating file: /mnt/d/RUNs_data_analysis/RUN2409/Converted_Data/tdms2/NewSB_09020814/41B3X1N001/41B3X1N001.BIN2
Processing chunk 0
Processing chunk 1
Processing chunk 2
Processing chunk 3
Processing chunk 4
Processing chunk 5
Processing chunk 6
Processing chunk 7
Processing chunk 8
Processing chunk 9
Processing chunk 10
Processing chunk 11
Processing chunk 12
Processing chunk 13
Processing chunk 14
Processing chunk 15
Processing chunk 16
Creating file: /mnt/d/RUNs_data_analysis/RUN2409/Converted_Data/tdms2/NewSB_09020814/USTC19T20/USTC19T20.BIN2
Processing chunk 0
Processing chunk 1
Processing chunk 2
Processing chunk 3
Processing chunk 4
Processing chunk 5
Processing chunk 6
Processing chunk 7
Processing chunk 8
Processing chunk 9
Processing chunk 10
Processing chunk 11
Processing chunk 12
Processing chunk 13
Processing chunk 14
Processing chunk 15
Processing chunk 16
Creating file: /mnt/d/RUNs_data_analysis/RUN2409/Converted_Data/tdms2/NewSB_09020814/41B3X1N002/41B3X1N002.BIN2
Processing chunk 0
Processing chunk 1
Processing chunk 2
Processing chunk 3
Processing chunk 4
Processing chunk 5
Processing chunk 6
Processing chunk 7
Processing chunk 8
Processing chunk 9
Processing chunk 10
Processing chunk 11
Processing chunk 12
Processing chunk 13
Processing chunk 14
Processing chunk 15
Processing chunk 16
Finished processing file: /mnt/d/RUNs/RUN2409/LC_measure/NI Project Data/记录-2024-09-02 081451 261.tdms
Processing file: /mnt/d/RUNs/RUN2409/LC_measure/NI Project Data/记录-2024-09-02 100426 309.tdms
Time to read the file: 29.7155211 Seconds
Creating file: /mnt/d/RUNs_data_analysis/RUN2409/Converted_Data/tdms2/NewSB_09021004/1cmLMO/1cmLMO.BIN2
Processing chunk 0
Processing chunk 1
Processing chunk 2
Processing chunk 3
Processing chunk 4
Processing chunk 5
Processing chunk 6
Processing chunk 7
Processing chunk 8
Processing chunk 9
Processing chunk 10
Processing chunk 11
Processing chunk 12
Processing chunk 13
Processing chunk 14
Processing chunk 15
Processing chunk 16
Processing chunk 17
Processing chunk 18
Processing chunk 19
Processing chunk 20
Processing chunk 21
Processing chunk 22
Processing chunk 23
Processing chunk 24
Processing chunk 25
Processing chunk 26
Processing chunk 27
Processing chunk 28
Creating file: /mnt/d/RUNs_data_analysis/RUN2409/Converted_Data/tdms2/NewSB_09021004/LD/LD.BIN2
Processing chunk 0
Processing chunk 1
Processing chunk 2
Processing chunk 3
Processing chunk 4
Processing chunk 5
Processing chunk 6
Processing chunk 7
Processing chunk 8
Processing chunk 9
Processing chunk 10
Processing chunk 11
Processing chunk 12
Processing chunk 13
Processing chunk 14
Processing chunk 15
Processing chunk 16
Processing chunk 17
Processing chunk 18
Processing chunk 19
Processing chunk 20
Processing chunk 21
Processing chunk 22
Processing chunk 23
Processing chunk 24
Processing chunk 25
Processing chunk 26
Processing chunk 27
Processing chunk 28
Creating file: /mnt/d/RUNs_data_analysis/RUN2409/Converted_Data/tdms2/NewSB_09021004/41B3X1N001/41B3X1N001.BIN2
Processing chunk 0
Processing chunk 1
Processing chunk 2
Processing chunk 3
Processing chunk 4
Processing chunk 5
Processing chunk 6
Processing chunk 7
Processing chunk 8
Processing chunk 9
Processing chunk 10
Processing chunk 11
Processing chunk 12
Processing chunk 13
Processing chunk 14
Processing chunk 15
Processing chunk 16
Processing chunk 17
Processing chunk 18
Processing chunk 19
Processing chunk 20
Processing chunk 21
Processing chunk 22
Processing chunk 23
Processing chunk 24
Processing chunk 25
Processing chunk 26
Processing chunk 27
Processing chunk 28
Creating file: /mnt/d/RUNs_data_analysis/RUN2409/Converted_Data/tdms2/NewSB_09021004/USTC19T20/USTC19T20.BIN2
Processing chunk 0
Processing chunk 1
Processing chunk 2
Processing chunk 3
Processing chunk 4
Processing chunk 5
Processing chunk 6
Processing chunk 7
Processing chunk 8
Processing chunk 9
Processing chunk 10
Processing chunk 11
Processing chunk 12
Processing chunk 13
Processing chunk 14
Processing chunk 15
Processing chunk 16
Processing chunk 17
Processing chunk 18
Processing chunk 19
Processing chunk 20
Processing chunk 21
Processing chunk 22
Processing chunk 23
Processing chunk 24
Processing chunk 25
Processing chunk 26
Processing chunk 27
Processing chunk 28
Creating file: /mnt/d/RUNs_data_analysis/RUN2409/Converted_Data/tdms2/NewSB_09021004/41B3X1N002/41B3X1N002.BIN2
Processing chunk 0
Processing chunk 1
Processing chunk 2
Processing chunk 3
Processing chunk 4
Processing chunk 5
Processing chunk 6
Processing chunk 7
Processing chunk 8
Processing chunk 9
Processing chunk 10
Processing chunk 11
Processing chunk 12
Processing chunk 13
Processing chunk 14
Processing chunk 15
Processing chunk 16
Processing chunk 17
Processing chunk 18
Processing chunk 19
Processing chunk 20
Processing chunk 21
Processing chunk 22
Processing chunk 23
Processing chunk 24
Processing chunk 25
Processing chunk 26
Processing chunk 27
Processing chunk 28
Finished processing file: /mnt/d/RUNs/RUN2409/LC_measure/NI Project Data/记录-2024-09-02 100426 309.tdms
Processing file: /mnt/d/RUNs/RUN2409/LC_measure/NI Project Data/记录-2024-09-02 132100 285.tdms
Time to read the file: 15.398857200000002 Seconds
Creating file: /mnt/d/RUNs_data_analysis/RUN2409/Converted_Data/tdms2/NewSB_09021321/1cmLMO/1cmLMO.BIN2
Processing chunk 0
Processing chunk 1
Processing chunk 2
Processing chunk 3
Processing chunk 4
Processing chunk 5
Processing chunk 6
Processing chunk 7
Processing chunk 8
Processing chunk 9
Processing chunk 10
Processing chunk 11
Processing chunk 12
Processing chunk 13
Creating file: /mnt/d/RUNs_data_analysis/RUN2409/Converted_Data/tdms2/NewSB_09021321/LD/LD.BIN2
Processing chunk 0
Processing chunk 1
Processing chunk 2
Processing chunk 3
Processing chunk 4
Processing chunk 5
Processing chunk 6
Processing chunk 7
Processing chunk 8
Processing chunk 9
Processing chunk 10
Processing chunk 11
Processing chunk 12
Processing chunk 13
Creating file: /mnt/d/RUNs_data_analysis/RUN2409/Converted_Data/tdms2/NewSB_09021321/41B3X1N001/41B3X1N001.BIN2
Processing chunk 0
Processing chunk 1
Processing chunk 2
Processing chunk 3
Processing chunk 4
Processing chunk 5
Processing chunk 6
Processing chunk 7
Processing chunk 8
Processing chunk 9
Processing chunk 10
Processing chunk 11
Processing chunk 12
Processing chunk 13
Creating file: /mnt/d/RUNs_data_analysis/RUN2409/Converted_Data/tdms2/NewSB_09021321/USTC19T20/USTC19T20.BIN2
Processing chunk 0
Processing chunk 1
Processing chunk 2
Processing chunk 3
Processing chunk 4
Processing chunk 5
Processing chunk 6
Processing chunk 7
Processing chunk 8
Processing chunk 9
Processing chunk 10
Processing chunk 11
Processing chunk 12
Processing chunk 13
Creating file: /mnt/d/RUNs_data_analysis/RUN2409/Converted_Data/tdms2/NewSB_09021321/41B3X1N002/41B3X1N002.BIN2
Processing chunk 0
Processing chunk 1
Processing chunk 2
Processing chunk 3
Processing chunk 4
Processing chunk 5
Processing chunk 6
Processing chunk 7
Processing chunk 8
Processing chunk 9
Processing chunk 10
Processing chunk 11
Processing chunk 12
Processing chunk 13
Finished processing file: /mnt/d/RUNs/RUN2409/LC_measure/NI Project Data/记录-2024-09-02 132100 285.tdms
Processing file: /mnt/d/RUNs/RUN2409/LC_measure/NI Project Data/记录-2024-09-03 001148 994.tdms
Time to read the file: 9.7180338 Seconds
Creating file: /mnt/d/RUNs_data_analysis/RUN2409/Converted_Data/tdms2/NewSB_09030011/1cmLMO/1cmLMO.BIN2
Processing chunk 0
Processing chunk 1
Processing chunk 2
Processing chunk 3
Processing chunk 4
Processing chunk 5
Processing chunk 6
Processing chunk 7
Processing chunk 8
Creating file: /mnt/d/RUNs_data_analysis/RUN2409/Converted_Data/tdms2/NewSB_09030011/LD/LD.BIN2
Processing chunk 0
Processing chunk 1
Processing chunk 2
Processing chunk 3
Processing chunk 4
Processing chunk 5
Processing chunk 6
Processing chunk 7
Processing chunk 8
Creating file: /mnt/d/RUNs_data_analysis/RUN2409/Converted_Data/tdms2/NewSB_09030011/41B3X1N001/41B3X1N001.BIN2
Processing chunk 0
Processing chunk 1
Processing chunk 2
Processing chunk 3
Processing chunk 4
Processing chunk 5
Processing chunk 6
Processing chunk 7
Processing chunk 8
Creating file: /mnt/d/RUNs_data_analysis/RUN2409/Converted_Data/tdms2/NewSB_09030011/USTC19T20/USTC19T20.BIN2
Processing chunk 0
Processing chunk 1
Processing chunk 2
Processing chunk 3
Processing chunk 4
Processing chunk 5
Processing chunk 6
Processing chunk 7
Processing chunk 8
Creating file: /mnt/d/RUNs_data_analysis/RUN2409/Converted_Data/tdms2/NewSB_09030011/41B3X1N002/41B3X1N002.BIN2
Processing chunk 0
Processing chunk 1
Processing chunk 2
Processing chunk 3
Processing chunk 4
Processing chunk 5
Processing chunk 6
Processing chunk 7
Processing chunk 8
Finished processing file: /mnt/d/RUNs/RUN2409/LC_measure/NI Project Data/记录-2024-09-03 001148 994.tdms
Processing file: /mnt/d/RUNs/RUN2409/LC_measure/NI Project Data/记录-2024-09-03 072054 009.tdms
Time to read the file: 9.46770620000001 Seconds
Creating file: /mnt/d/RUNs_data_analysis/RUN2409/Converted_Data/tdms2/NewSB_09030720/1cmLMO/1cmLMO.BIN2
Processing chunk 0
Processing chunk 1
Processing chunk 2
Processing chunk 3
Processing chunk 4
Processing chunk 5
Processing chunk 6
Processing chunk 7
Processing chunk 8
Creating file: /mnt/d/RUNs_data_analysis/RUN2409/Converted_Data/tdms2/NewSB_09030720/LD/LD.BIN2
Processing chunk 0
Processing chunk 1
Processing chunk 2
Processing chunk 3
Processing chunk 4
Processing chunk 5
Processing chunk 6
Processing chunk 7
Processing chunk 8
Creating file: /mnt/d/RUNs_data_analysis/RUN2409/Converted_Data/tdms2/NewSB_09030720/41B3X1N001/41B3X1N001.BIN2
Processing chunk 0
Processing chunk 1
Processing chunk 2
Processing chunk 3
Processing chunk 4
Processing chunk 5
Processing chunk 6
Processing chunk 7
Processing chunk 8
Creating file: /mnt/d/RUNs_data_analysis/RUN2409/Converted_Data/tdms2/NewSB_09030720/USTC19T20/USTC19T20.BIN2
Processing chunk 0
Processing chunk 1
Processing chunk 2
Processing chunk 3
Processing chunk 4
Processing chunk 5
Processing chunk 6
Processing chunk 7
Processing chunk 8
Creating file: /mnt/d/RUNs_data_analysis/RUN2409/Converted_Data/tdms2/NewSB_09030720/41B3X1N002/41B3X1N002.BIN2
Processing chunk 0
Processing chunk 1
Processing chunk 2
Processing chunk 3
Processing chunk 4
Processing chunk 5
Processing chunk 6
Processing chunk 7
Processing chunk 8
Finished processing file: /mnt/d/RUNs/RUN2409/LC_measure/NI Project Data/记录-2024-09-03 072054 009.tdms
Processing file: /mnt/d/RUNs/RUN2409/LC_measure/NI Project Data/记录-2024-09-03 102506 514.tdms
Time to read the file: 9.412468200000006 Seconds
Creating file: /mnt/d/RUNs_data_analysis/RUN2409/Converted_Data/tdms2/NewSB_09031025/1cmLMO/1cmLMO.BIN2
Processing chunk 0
Processing chunk 1
Processing chunk 2
Processing chunk 3
Processing chunk 4
Processing chunk 5
Processing chunk 6
Processing chunk 7
Processing chunk 8
Creating file: /mnt/d/RUNs_data_analysis/RUN2409/Converted_Data/tdms2/NewSB_09031025/LD/LD.BIN2
Processing chunk 0
Processing chunk 1
Processing chunk 2
Processing chunk 3
Processing chunk 4
Processing chunk 5
Processing chunk 6
Processing chunk 7
Processing chunk 8
Creating file: /mnt/d/RUNs_data_analysis/RUN2409/Converted_Data/tdms2/NewSB_09031025/41B3X1N001/41B3X1N001.BIN2
Processing chunk 0
Processing chunk 1
Processing chunk 2
Processing chunk 3
Processing chunk 4
Processing chunk 5
Processing chunk 6
Processing chunk 7
Processing chunk 8
Creating file: /mnt/d/RUNs_data_analysis/RUN2409/Converted_Data/tdms2/NewSB_09031025/USTC19T20/USTC19T20.BIN2
Processing chunk 0
Processing chunk 1
Processing chunk 2
Processing chunk 3
Processing chunk 4
Processing chunk 5
Processing chunk 6
Processing chunk 7
Processing chunk 8
Creating file: /mnt/d/RUNs_data_analysis/RUN2409/Converted_Data/tdms2/NewSB_09031025/41B3X1N002/41B3X1N002.BIN2
Processing chunk 0
Processing chunk 1
Processing chunk 2
Processing chunk 3
Processing chunk 4
Processing chunk 5
Processing chunk 6
Processing chunk 7
Processing chunk 8
Finished processing file: /mnt/d/RUNs/RUN2409/LC_measure/NI Project Data/记录-2024-09-03 102506 514.tdms
Processing file: /mnt/d/RUNs/RUN2409/LC_measure/NI Project Data/记录-2024-09-04 045123 352.tdms
Time to read the file: 10.4948653 Seconds
Creating file: /mnt/d/RUNs_data_analysis/RUN2409/Converted_Data/tdms2/NewSB_09040451/1cmLMO/1cmLMO.BIN2
Processing chunk 0
Processing chunk 1
Processing chunk 2
Processing chunk 3
Processing chunk 4
Processing chunk 5
Processing chunk 6
Processing chunk 7
Processing chunk 8
Creating file: /mnt/d/RUNs_data_analysis/RUN2409/Converted_Data/tdms2/NewSB_09040451/LD/LD.BIN2
Processing chunk 0
Processing chunk 1
Processing chunk 2
Processing chunk 3
Processing chunk 4
Processing chunk 5
Processing chunk 6
Processing chunk 7
Processing chunk 8
Creating file: /mnt/d/RUNs_data_analysis/RUN2409/Converted_Data/tdms2/NewSB_09040451/41B3X1N001/41B3X1N001.BIN2
Processing chunk 0
Processing chunk 1
Processing chunk 2
Processing chunk 3
Processing chunk 4
Processing chunk 5
Processing chunk 6
Processing chunk 7
Processing chunk 8
Creating file: /mnt/d/RUNs_data_analysis/RUN2409/Converted_Data/tdms2/NewSB_09040451/USTC19T20/USTC19T20.BIN2
Processing chunk 0
Processing chunk 1
Processing chunk 2
Processing chunk 3
Processing chunk 4
Processing chunk 5
Processing chunk 6
Processing chunk 7
Processing chunk 8
Creating file: /mnt/d/RUNs_data_analysis/RUN2409/Converted_Data/tdms2/NewSB_09040451/41B3X1N002/41B3X1N002.BIN2
Processing chunk 0
Processing chunk 1
Processing chunk 2
Processing chunk 3
Processing chunk 4
Processing chunk 5
Processing chunk 6
Processing chunk 7
Processing chunk 8
Finished processing file: /mnt/d/RUNs/RUN2409/LC_measure/NI Project Data/记录-2024-09-04 045123 352.tdms
Processing file: /mnt/d/RUNs/RUN2409/LC_measure/NI Project Data/记录-2024-09-04 120357 476.tdms
Time to read the file: 10.306449999999998 Seconds
Creating file: /mnt/d/RUNs_data_analysis/RUN2409/Converted_Data/tdms2/NewSB_09041203/1cmLMO/1cmLMO.BIN2
Processing chunk 0
Processing chunk 1
Processing chunk 2
Processing chunk 3
Processing chunk 4
Processing chunk 5
Processing chunk 6
Processing chunk 7
Processing chunk 8
Creating file: /mnt/d/RUNs_data_analysis/RUN2409/Converted_Data/tdms2/NewSB_09041203/LD/LD.BIN2
Processing chunk 0
Processing chunk 1
Processing chunk 2
Processing chunk 3
Processing chunk 4
Processing chunk 5
Processing chunk 6
Processing chunk 7
Processing chunk 8
Creating file: /mnt/d/RUNs_data_analysis/RUN2409/Converted_Data/tdms2/NewSB_09041203/41B3X1N001/41B3X1N001.BIN2
Processing chunk 0
Processing chunk 1
Processing chunk 2
Processing chunk 3
Processing chunk 4
Processing chunk 5
Processing chunk 6
Processing chunk 7
Processing chunk 8
Creating file: /mnt/d/RUNs_data_analysis/RUN2409/Converted_Data/tdms2/NewSB_09041203/USTC19T20/USTC19T20.BIN2
Processing chunk 0
Processing chunk 1
Processing chunk 2
Processing chunk 3
Processing chunk 4
Processing chunk 5
Processing chunk 6
Processing chunk 7
Processing chunk 8
Creating file: /mnt/d/RUNs_data_analysis/RUN2409/Converted_Data/tdms2/NewSB_09041203/41B3X1N002/41B3X1N002.BIN2
Processing chunk 0
Processing chunk 1
Processing chunk 2
Processing chunk 3
Processing chunk 4
Processing chunk 5
Processing chunk 6
Processing chunk 7
Processing chunk 8
Finished processing file: /mnt/d/RUNs/RUN2409/LC_measure/NI Project Data/记录-2024-09-04 120357 476.tdms
Processing file: /mnt/d/RUNs/RUN2409/LC_measure/NI Project Data/记录-2024-09-05 020618 714.tdms
Time to read the file: 9.395866300000009 Seconds
Creating file: /mnt/d/RUNs_data_analysis/RUN2409/Converted_Data/tdms2/NewSB_09050206/1cmLMO/1cmLMO.BIN2
Processing chunk 0
Processing chunk 1
Processing chunk 2
Processing chunk 3
Processing chunk 4
Processing chunk 5
Processing chunk 6
Processing chunk 7
Processing chunk 8
Creating file: /mnt/d/RUNs_data_analysis/RUN2409/Converted_Data/tdms2/NewSB_09050206/LD/LD.BIN2
Processing chunk 0
Processing chunk 1
Processing chunk 2
Processing chunk 3
Processing chunk 4
Processing chunk 5
Processing chunk 6
Processing chunk 7
Processing chunk 8
Creating file: /mnt/d/RUNs_data_analysis/RUN2409/Converted_Data/tdms2/NewSB_09050206/41B3X1N001/41B3X1N001.BIN2
Processing chunk 0
Processing chunk 1
Processing chunk 2
Processing chunk 3
Processing chunk 4
Processing chunk 5
Processing chunk 6
Processing chunk 7
Processing chunk 8
Creating file: /mnt/d/RUNs_data_analysis/RUN2409/Converted_Data/tdms2/NewSB_09050206/USTC19T20/USTC19T20.BIN2
Processing chunk 0
Processing chunk 1
Processing chunk 2
Processing chunk 3
Processing chunk 4
Processing chunk 5
Processing chunk 6
Processing chunk 7
Processing chunk 8
Creating file: /mnt/d/RUNs_data_analysis/RUN2409/Converted_Data/tdms2/NewSB_09050206/41B3X1N002/41B3X1N002.BIN2
Processing chunk 0
Processing chunk 1
Processing chunk 2
Processing chunk 3
Processing chunk 4
Processing chunk 5
Processing chunk 6
Processing chunk 7
Processing chunk 8
Finished processing file: /mnt/d/RUNs/RUN2409/LC_measure/NI Project Data/记录-2024-09-05 020618 714.tdms
Processing file: /mnt/d/RUNs/RUN2409/LC_measure/NI Project Data/记录-2024-09-05 165345 931.tdms
Time to read the file: 9.514637599999986 Seconds
Creating file: /mnt/d/RUNs_data_analysis/RUN2409/Converted_Data/tdms2/NewSB_09051653/1cmLMO/1cmLMO.BIN2
Processing chunk 0
Processing chunk 1
Processing chunk 2
Processing chunk 3
Processing chunk 4
Processing chunk 5
Processing chunk 6
Processing chunk 7
Processing chunk 8
Creating file: /mnt/d/RUNs_data_analysis/RUN2409/Converted_Data/tdms2/NewSB_09051653/LD/LD.BIN2
Processing chunk 0
Processing chunk 1
Processing chunk 2
Processing chunk 3
Processing chunk 4
Processing chunk 5
Processing chunk 6
Processing chunk 7
Processing chunk 8
Creating file: /mnt/d/RUNs_data_analysis/RUN2409/Converted_Data/tdms2/NewSB_09051653/41B3X1N001/41B3X1N001.BIN2
Processing chunk 0
Processing chunk 1
Processing chunk 2
Processing chunk 3
Processing chunk 4
Processing chunk 5
Processing chunk 6
Processing chunk 7
Processing chunk 8
Creating file: /mnt/d/RUNs_data_analysis/RUN2409/Converted_Data/tdms2/NewSB_09051653/USTC19T20/USTC19T20.BIN2
Processing chunk 0
Processing chunk 1
Processing chunk 2
Processing chunk 3
Processing chunk 4
Processing chunk 5
Processing chunk 6
Processing chunk 7
Processing chunk 8
Creating file: /mnt/d/RUNs_data_analysis/RUN2409/Converted_Data/tdms2/NewSB_09051653/41B3X1N002/41B3X1N002.BIN2
Processing chunk 0
Processing chunk 1
Processing chunk 2
Processing chunk 3
Processing chunk 4
Processing chunk 5
Processing chunk 6
Processing chunk 7
Processing chunk 8
Finished processing file: /mnt/d/RUNs/RUN2409/LC_measure/NI Project Data/记录-2024-09-05 165345 931.tdms
Processing file: /mnt/d/RUNs/RUN2409/LC_measure/NI Project Data/记录-2024-09-05 184523 988.tdms
Time to read the file: 38.72787359999998 Seconds
Creating file: /mnt/d/RUNs_data_analysis/RUN2409/Converted_Data/tdms2/NewSB_09051845/1cmLMO/1cmLMO.BIN2
Processing chunk 0
Processing chunk 1
Processing chunk 2
Processing chunk 3
Processing chunk 4
Processing chunk 5
Processing chunk 6
Processing chunk 7
Processing chunk 8
Processing chunk 9
Processing chunk 10
Processing chunk 11
Processing chunk 12
Processing chunk 13
Processing chunk 14
Processing chunk 15
Processing chunk 16
Processing chunk 17
Processing chunk 18
Processing chunk 19
Processing chunk 20
Processing chunk 21
Processing chunk 22
Processing chunk 23
Processing chunk 24
Processing chunk 25
Processing chunk 26
Processing chunk 27
Processing chunk 28
Processing chunk 29
Processing chunk 30
Processing chunk 31
Processing chunk 32
Processing chunk 33
Processing chunk 34
Processing chunk 35
Creating file: /mnt/d/RUNs_data_analysis/RUN2409/Converted_Data/tdms2/NewSB_09051845/LD/LD.BIN2
Processing chunk 0
Processing chunk 1
Processing chunk 2
Processing chunk 3
Processing chunk 4
Processing chunk 5
Processing chunk 6
Processing chunk 7
Processing chunk 8
Processing chunk 9
Processing chunk 10
Processing chunk 11
Processing chunk 12
Processing chunk 13
Processing chunk 14
Processing chunk 15
Processing chunk 16
Processing chunk 17
Processing chunk 18
Processing chunk 19
Processing chunk 20
Processing chunk 21
Processing chunk 22
Processing chunk 23
Processing chunk 24
Processing chunk 25
Processing chunk 26
Processing chunk 27
Processing chunk 28
Processing chunk 29
Processing chunk 30
Processing chunk 31
Processing chunk 32
Processing chunk 33
Processing chunk 34
Processing chunk 35
Creating file: /mnt/d/RUNs_data_analysis/RUN2409/Converted_Data/tdms2/NewSB_09051845/41B3X1N001/41B3X1N001.BIN2
Processing chunk 0
Processing chunk 1
Processing chunk 2
Processing chunk 3
Processing chunk 4
Processing chunk 5
Processing chunk 6
Processing chunk 7
Processing chunk 8
Processing chunk 9
Processing chunk 10
Processing chunk 11
Processing chunk 12
Processing chunk 13
Processing chunk 14
Processing chunk 15
Processing chunk 16
Processing chunk 17
Processing chunk 18
Processing chunk 19
Processing chunk 20
Processing chunk 21
Processing chunk 22
Processing chunk 23
Processing chunk 24
Processing chunk 25
Processing chunk 26
Processing chunk 27
Processing chunk 28
Processing chunk 29
Processing chunk 30
Processing chunk 31
Processing chunk 32
Processing chunk 33
Processing chunk 34
Processing chunk 35
Creating file: /mnt/d/RUNs_data_analysis/RUN2409/Converted_Data/tdms2/NewSB_09051845/USTC19T20/USTC19T20.BIN2
Processing chunk 0
Processing chunk 1
Processing chunk 2
Processing chunk 3
Processing chunk 4
Processing chunk 5
Processing chunk 6
Processing chunk 7
Processing chunk 8
Processing chunk 9
Processing chunk 10
Processing chunk 11
Processing chunk 12
Processing chunk 13
Processing chunk 14
Processing chunk 15
Processing chunk 16
Processing chunk 17
Processing chunk 18
Processing chunk 19
Processing chunk 20
Processing chunk 21
Processing chunk 22
Processing chunk 23
Processing chunk 24
Processing chunk 25
Processing chunk 26
Processing chunk 27
Processing chunk 28
Processing chunk 29
Processing chunk 30
Processing chunk 31
Processing chunk 32
Processing chunk 33
Processing chunk 34
Processing chunk 35
Creating file: /mnt/d/RUNs_data_analysis/RUN2409/Converted_Data/tdms2/NewSB_09051845/41B3X1N002/41B3X1N002.BIN2
Processing chunk 0
Processing chunk 1
Processing chunk 2
Processing chunk 3
Processing chunk 4
Processing chunk 5
Processing chunk 6
Processing chunk 7
Processing chunk 8
Processing chunk 9
Processing chunk 10
Processing chunk 11
Processing chunk 12
Processing chunk 13
Processing chunk 14
Processing chunk 15
Processing chunk 16
Processing chunk 17
Processing chunk 18
Processing chunk 19
Processing chunk 20
Processing chunk 21
Processing chunk 22
Processing chunk 23
Processing chunk 24
Processing chunk 25
Processing chunk 26
Processing chunk 27
Processing chunk 28
Processing chunk 29
Processing chunk 30
Processing chunk 31
Processing chunk 32
Processing chunk 33
Processing chunk 34
Processing chunk 35
Finished processing file: /mnt/d/RUNs/RUN2409/LC_measure/NI Project Data/记录-2024-09-05 184523 988.tdms
Processing file: /mnt/d/RUNs/RUN2409/LC_measure/NI Project Data/记录-2024-09-06 013140 379.tdms
Time to read the file: 18.283429000000012 Seconds
Creating file: /mnt/d/RUNs_data_analysis/RUN2409/Converted_Data/tdms2/NewSB_09060131/1cmLMO/1cmLMO.BIN2
Processing chunk 0
Processing chunk 1
Processing chunk 2
Processing chunk 3
Processing chunk 4
Processing chunk 5
Processing chunk 6
Processing chunk 7
Processing chunk 8
Processing chunk 9
Processing chunk 10
Processing chunk 11
Processing chunk 12
Processing chunk 13
Processing chunk 14
Processing chunk 15
Processing chunk 16
Processing chunk 17
Creating file: /mnt/d/RUNs_data_analysis/RUN2409/Converted_Data/tdms2/NewSB_09060131/LD/LD.BIN2
Processing chunk 0
Processing chunk 1
Processing chunk 2
Processing chunk 3
Processing chunk 4
Processing chunk 5
Processing chunk 6
Processing chunk 7
Processing chunk 8
Processing chunk 9
Processing chunk 10
Processing chunk 11
Processing chunk 12
Processing chunk 13
Processing chunk 14
Processing chunk 15
Processing chunk 16
Processing chunk 17
Creating file: /mnt/d/RUNs_data_analysis/RUN2409/Converted_Data/tdms2/NewSB_09060131/41B3X1N001/41B3X1N001.BIN2
Processing chunk 0
Processing chunk 1
Processing chunk 2
Processing chunk 3
Processing chunk 4
Processing chunk 5
Processing chunk 6
Processing chunk 7
Processing chunk 8
Processing chunk 9
Processing chunk 10
Processing chunk 11
Processing chunk 12
Processing chunk 13
Processing chunk 14
Processing chunk 15
Processing chunk 16
Processing chunk 17
Creating file: /mnt/d/RUNs_data_analysis/RUN2409/Converted_Data/tdms2/NewSB_09060131/USTC19T20/USTC19T20.BIN2
Processing chunk 0
Processing chunk 1
Processing chunk 2
Processing chunk 3
Processing chunk 4
Processing chunk 5
Processing chunk 6
Processing chunk 7
Processing chunk 8
Processing chunk 9
Processing chunk 10
Processing chunk 11
Processing chunk 12
Processing chunk 13
Processing chunk 14
Processing chunk 15
Processing chunk 16
Processing chunk 17
Creating file: /mnt/d/RUNs_data_analysis/RUN2409/Converted_Data/tdms2/NewSB_09060131/41B3X1N002/41B3X1N002.BIN2
Processing chunk 0
Processing chunk 1
Processing chunk 2
Processing chunk 3
Processing chunk 4
Processing chunk 5
Processing chunk 6
Processing chunk 7
Processing chunk 8
Processing chunk 9
Processing chunk 10
Processing chunk 11
Processing chunk 12
Processing chunk 13
Processing chunk 14
Processing chunk 15
Processing chunk 16
Processing chunk 17
Finished processing file: /mnt/d/RUNs/RUN2409/LC_measure/NI Project Data/记录-2024-09-06 013140 379.tdms
Processing file: /mnt/d/RUNs/RUN2409/LC_measure/NI Project Data/记录-2024-09-06 033823 388.tdms
Time to read the file: 18.88449209999999 Seconds
Creating file: /mnt/d/RUNs_data_analysis/RUN2409/Converted_Data/tdms2/NewSB_09060338/1cmLMO/1cmLMO.BIN2
Processing chunk 0
Processing chunk 1
Processing chunk 2
Processing chunk 3
Processing chunk 4
Processing chunk 5
Processing chunk 6
Processing chunk 7
Processing chunk 8
Processing chunk 9
Processing chunk 10
Processing chunk 11
Processing chunk 12
Processing chunk 13
Processing chunk 14
Processing chunk 15
Processing chunk 16
Processing chunk 17
Creating file: /mnt/d/RUNs_data_analysis/RUN2409/Converted_Data/tdms2/NewSB_09060338/LD/LD.BIN2
Processing chunk 0
Processing chunk 1
Processing chunk 2
Processing chunk 3
Processing chunk 4
Processing chunk 5
Processing chunk 6
Processing chunk 7
Processing chunk 8
Processing chunk 9
Processing chunk 10
Processing chunk 11
Processing chunk 12
Processing chunk 13
Processing chunk 14
Processing chunk 15
Processing chunk 16
Processing chunk 17
Creating file: /mnt/d/RUNs_data_analysis/RUN2409/Converted_Data/tdms2/NewSB_09060338/41B3X1N001/41B3X1N001.BIN2
Processing chunk 0
Processing chunk 1
Processing chunk 2
Processing chunk 3
Processing chunk 4
Processing chunk 5
Processing chunk 6
Processing chunk 7
Processing chunk 8
Processing chunk 9
Processing chunk 10
Processing chunk 11
Processing chunk 12
Processing chunk 13
Processing chunk 14
Processing chunk 15
Processing chunk 16
Processing chunk 17
Creating file: /mnt/d/RUNs_data_analysis/RUN2409/Converted_Data/tdms2/NewSB_09060338/USTC19T20/USTC19T20.BIN2
Processing chunk 0
Processing chunk 1
Processing chunk 2
Processing chunk 3
Processing chunk 4
Processing chunk 5
Processing chunk 6
Processing chunk 7
Processing chunk 8
Processing chunk 9
Processing chunk 10
Processing chunk 11
Processing chunk 12
Processing chunk 13
Processing chunk 14
Processing chunk 15
Processing chunk 16
Processing chunk 17
Creating file: /mnt/d/RUNs_data_analysis/RUN2409/Converted_Data/tdms2/NewSB_09060338/41B3X1N002/41B3X1N002.BIN2
Processing chunk 0
Processing chunk 1
Processing chunk 2
Processing chunk 3
Processing chunk 4
Processing chunk 5
Processing chunk 6
Processing chunk 7
Processing chunk 8
Processing chunk 9
Processing chunk 10
Processing chunk 11
Processing chunk 12
Processing chunk 13
Processing chunk 14
Processing chunk 15
Processing chunk 16
Processing chunk 17
Finished processing file: /mnt/d/RUNs/RUN2409/LC_measure/NI Project Data/记录-2024-09-06 033823 388.tdms
Processing file: /mnt/d/RUNs/RUN2409/LC_measure/NI Project Data/记录-2024-09-06 062527 559.tdms
Time to read the file: 18.925177899999994 Seconds
Creating file: /mnt/d/RUNs_data_analysis/RUN2409/Converted_Data/tdms2/NewSB_09060625/1cmLMO/1cmLMO.BIN2
Processing chunk 0
Processing chunk 1
Processing chunk 2
Processing chunk 3
Processing chunk 4
Processing chunk 5
Processing chunk 6
Processing chunk 7
Processing chunk 8
Processing chunk 9
Processing chunk 10
Processing chunk 11
Processing chunk 12
Processing chunk 13
Processing chunk 14
Processing chunk 15
Processing chunk 16
Processing chunk 17
Creating file: /mnt/d/RUNs_data_analysis/RUN2409/Converted_Data/tdms2/NewSB_09060625/LD/LD.BIN2
Processing chunk 0
Processing chunk 1
Processing chunk 2
Processing chunk 3
Processing chunk 4
Processing chunk 5
Processing chunk 6
Processing chunk 7
Processing chunk 8
Processing chunk 9
Processing chunk 10
Processing chunk 11
Processing chunk 12
Processing chunk 13
Processing chunk 14
Processing chunk 15
Processing chunk 16
Processing chunk 17
Creating file: /mnt/d/RUNs_data_analysis/RUN2409/Converted_Data/tdms2/NewSB_09060625/41B3X1N001/41B3X1N001.BIN2
Processing chunk 0
Processing chunk 1
Processing chunk 2
Processing chunk 3
Processing chunk 4
Processing chunk 5
Processing chunk 6
Processing chunk 7
Processing chunk 8
Processing chunk 9
Processing chunk 10
Processing chunk 11
Processing chunk 12
Processing chunk 13
Processing chunk 14
Processing chunk 15
Processing chunk 16
Processing chunk 17
Creating file: /mnt/d/RUNs_data_analysis/RUN2409/Converted_Data/tdms2/NewSB_09060625/USTC19T20/USTC19T20.BIN2
Processing chunk 0
Processing chunk 1
Processing chunk 2
Processing chunk 3
Processing chunk 4
Processing chunk 5
Processing chunk 6
Processing chunk 7
Processing chunk 8
Processing chunk 9
Processing chunk 10
Processing chunk 11
Processing chunk 12
Processing chunk 13
Processing chunk 14
Processing chunk 15
Processing chunk 16
Processing chunk 17
Creating file: /mnt/d/RUNs_data_analysis/RUN2409/Converted_Data/tdms2/NewSB_09060625/41B3X1N002/41B3X1N002.BIN2
Processing chunk 0
Processing chunk 1
Processing chunk 2
Processing chunk 3
Processing chunk 4
Processing chunk 5
Processing chunk 6
Processing chunk 7
Processing chunk 8
Processing chunk 9
Processing chunk 10
Processing chunk 11
Processing chunk 12
Processing chunk 13
Processing chunk 14
Processing chunk 15
Processing chunk 16
Processing chunk 17
Finished processing file: /mnt/d/RUNs/RUN2409/LC_measure/NI Project Data/记录-2024-09-06 062527 559.tdms
Processing file: /mnt/d/RUNs/RUN2409/LC_measure/NI Project Data/记录-2024-09-07 045338 600.tdms
Time to read the file: 9.26137349999999 Seconds
Creating file: /mnt/d/RUNs_data_analysis/RUN2409/Converted_Data/tdms2/NewSB_09070453/1cmLMO/1cmLMO.BIN2
Processing chunk 0
Processing chunk 1
Processing chunk 2
Processing chunk 3
Processing chunk 4
Processing chunk 5
Processing chunk 6
Processing chunk 7
Processing chunk 8
Creating file: /mnt/d/RUNs_data_analysis/RUN2409/Converted_Data/tdms2/NewSB_09070453/LD/LD.BIN2
Processing chunk 0
Processing chunk 1
Processing chunk 2
Processing chunk 3
Processing chunk 4
Processing chunk 5
Processing chunk 6
Processing chunk 7
Processing chunk 8
Creating file: /mnt/d/RUNs_data_analysis/RUN2409/Converted_Data/tdms2/NewSB_09070453/41B3X1N001/41B3X1N001.BIN2
Processing chunk 0
Processing chunk 1
Processing chunk 2
Processing chunk 3
Processing chunk 4
Processing chunk 5
Processing chunk 6
Processing chunk 7
Processing chunk 8
Creating file: /mnt/d/RUNs_data_analysis/RUN2409/Converted_Data/tdms2/NewSB_09070453/USTC19T20/USTC19T20.BIN2
Processing chunk 0
Processing chunk 1
Processing chunk 2
Processing chunk 3
Processing chunk 4
Processing chunk 5
Processing chunk 6
Processing chunk 7
Processing chunk 8
Creating file: /mnt/d/RUNs_data_analysis/RUN2409/Converted_Data/tdms2/NewSB_09070453/41B3X1N002/41B3X1N002.BIN2
Processing chunk 0
Processing chunk 1
Processing chunk 2
Processing chunk 3
Processing chunk 4
Processing chunk 5
Processing chunk 6
Processing chunk 7
Processing chunk 8
Finished processing file: /mnt/d/RUNs/RUN2409/LC_measure/NI Project Data/记录-2024-09-07 045338 600.tdms
Processing file: /mnt/d/RUNs/RUN2409/LC_measure/NI Project Data/记录-2024-09-07 060131 623.tdms
Time to read the file: 20.65598780000002 Seconds
Creating file: /mnt/d/RUNs_data_analysis/RUN2409/Converted_Data/tdms2/NewSB_09070601/1cmLMO/1cmLMO.BIN2
Processing chunk 0
Processing chunk 1
Processing chunk 2
Processing chunk 3
Processing chunk 4
Processing chunk 5
Processing chunk 6
Processing chunk 7
Processing chunk 8
Processing chunk 9
Processing chunk 10
Processing chunk 11
Processing chunk 12
Processing chunk 13
Processing chunk 14
Processing chunk 15
Processing chunk 16
Processing chunk 17
Creating file: /mnt/d/RUNs_data_analysis/RUN2409/Converted_Data/tdms2/NewSB_09070601/LD/LD.BIN2
Processing chunk 0
Processing chunk 1
Processing chunk 2
Processing chunk 3
Processing chunk 4
Processing chunk 5
Processing chunk 6
Processing chunk 7
Processing chunk 8
Processing chunk 9
Processing chunk 10
Processing chunk 11
Processing chunk 12
Processing chunk 13
Processing chunk 14
Processing chunk 15
Processing chunk 16
Processing chunk 17
Creating file: /mnt/d/RUNs_data_analysis/RUN2409/Converted_Data/tdms2/NewSB_09070601/41B3X1N001/41B3X1N001.BIN2
Processing chunk 0
Processing chunk 1
Processing chunk 2
Processing chunk 3
Processing chunk 4
Processing chunk 5
Processing chunk 6
Processing chunk 7
Processing chunk 8
Processing chunk 9
Processing chunk 10
Processing chunk 11
Processing chunk 12
Processing chunk 13
Processing chunk 14
Processing chunk 15
Processing chunk 16
Processing chunk 17
Creating file: /mnt/d/RUNs_data_analysis/RUN2409/Converted_Data/tdms2/NewSB_09070601/USTC19T20/USTC19T20.BIN2
Processing chunk 0
Processing chunk 1
Processing chunk 2
Processing chunk 3
Processing chunk 4
Processing chunk 5
Processing chunk 6
Processing chunk 7
Processing chunk 8
Processing chunk 9
Processing chunk 10
Processing chunk 11
Processing chunk 12
Processing chunk 13
Processing chunk 14
Processing chunk 15
Processing chunk 16
Processing chunk 17
Creating file: /mnt/d/RUNs_data_analysis/RUN2409/Converted_Data/tdms2/NewSB_09070601/41B3X1N002/41B3X1N002.BIN2
Processing chunk 0
Processing chunk 1
Processing chunk 2
Processing chunk 3
Processing chunk 4
Processing chunk 5
Processing chunk 6
Processing chunk 7
Processing chunk 8
Processing chunk 9
Processing chunk 10
Processing chunk 11
Processing chunk 12
Processing chunk 13
Processing chunk 14
Processing chunk 15
Processing chunk 16
Processing chunk 17
Finished processing file: /mnt/d/RUNs/RUN2409/LC_measure/NI Project Data/记录-2024-09-07 060131 623.tdms
Processing file: /mnt/d/RUNs/RUN2409/LC_measure/NI Project Data/记录-2024-09-07 060131 623_decimation.tdms
Time to read the file: 0.08003159999998388 Seconds
TDMS file contains less than 2 groups.
Processing file: /mnt/d/RUNs/RUN2409/LC_measure/NI Project Data/记录-2024-09-07 100437 418.tdms
Time to read the file: 15.628171699999996 Seconds
Creating file: /mnt/d/RUNs_data_analysis/RUN2409/Converted_Data/tdms2/NewSB_09071004/1cmLMO/1cmLMO.BIN2
Processing chunk 0
Processing chunk 1
Processing chunk 2
Processing chunk 3
Processing chunk 4
Processing chunk 5
Processing chunk 6
Processing chunk 7
Processing chunk 8
Processing chunk 9
Processing chunk 10
Processing chunk 11
Processing chunk 12
Processing chunk 13
Processing chunk 14
Processing chunk 15
Processing chunk 16
Processing chunk 17
Processing chunk 18
Processing chunk 19
Processing chunk 20
Processing chunk 21
Processing chunk 22
Processing chunk 23
Processing chunk 24
Processing chunk 25
Processing chunk 26
Processing chunk 27
Processing chunk 28
Processing chunk 29
Processing chunk 30
Processing chunk 31
Processing chunk 32
Processing chunk 33
Processing chunk 34
Processing chunk 35
Creating file: /mnt/d/RUNs_data_analysis/RUN2409/Converted_Data/tdms2/NewSB_09071004/LD/LD.BIN2
Processing chunk 0
Processing chunk 1
Processing chunk 2
Processing chunk 3
Processing chunk 4
Processing chunk 5
Processing chunk 6
Processing chunk 7
Processing chunk 8
Processing chunk 9
Processing chunk 10
Processing chunk 11
Processing chunk 12
Processing chunk 13
Processing chunk 14
Processing chunk 15
Processing chunk 16
Processing chunk 17
Processing chunk 18
Processing chunk 19
Processing chunk 20
Processing chunk 21
Processing chunk 22
Processing chunk 23
Processing chunk 24
Processing chunk 25
Processing chunk 26
Processing chunk 27
Processing chunk 28
Processing chunk 29
Processing chunk 30
Processing chunk 31
Processing chunk 32
Processing chunk 33
Processing chunk 34
Processing chunk 35
Finished processing file: /mnt/d/RUNs/RUN2409/LC_measure/NI Project Data/记录-2024-09-07 100437 418.tdms
Processing file: /mnt/d/RUNs/RUN2409/LC_measure/NI Project Data/记录-2024-09-07 141934 803.tdms
Time to read the file: 15.599719899999968 Seconds
Creating file: /mnt/d/RUNs_data_analysis/RUN2409/Converted_Data/tdms2/NewSB_09071419/1cmLMO/1cmLMO.BIN2
Processing chunk 0
Processing chunk 1
Processing chunk 2
Processing chunk 3
Processing chunk 4
Processing chunk 5
Processing chunk 6
Processing chunk 7
Processing chunk 8
Processing chunk 9
Processing chunk 10
Processing chunk 11
Processing chunk 12
Processing chunk 13
Processing chunk 14
Processing chunk 15
Processing chunk 16
Processing chunk 17
Processing chunk 18
Processing chunk 19
Processing chunk 20
Processing chunk 21
Processing chunk 22
Processing chunk 23
Processing chunk 24
Processing chunk 25
Processing chunk 26
Processing chunk 27
Processing chunk 28
Processing chunk 29
Processing chunk 30
Processing chunk 31
Processing chunk 32
Processing chunk 33
Processing chunk 34
Processing chunk 35
Creating file: /mnt/d/RUNs_data_analysis/RUN2409/Converted_Data/tdms2/NewSB_09071419/LD/LD.BIN2
Processing chunk 0
Processing chunk 1
Processing chunk 2
Processing chunk 3
Processing chunk 4
Processing chunk 5
Processing chunk 6
Processing chunk 7
Processing chunk 8
Processing chunk 9
Processing chunk 10
Processing chunk 11
Processing chunk 12
Processing chunk 13
Processing chunk 14
Processing chunk 15
Processing chunk 16
Processing chunk 17
Processing chunk 18
Processing chunk 19
Processing chunk 20
Processing chunk 21
Processing chunk 22
Processing chunk 23
Processing chunk 24
Processing chunk 25
Processing chunk 26
Processing chunk 27
Processing chunk 28
Processing chunk 29
Processing chunk 30
Processing chunk 31
Processing chunk 32
Processing chunk 33
Processing chunk 34
Processing chunk 35
Finished processing file: /mnt/d/RUNs/RUN2409/LC_measure/NI Project Data/记录-2024-09-07 141934 803.tdms
Processing file: /mnt/d/RUNs/RUN2409/LC_measure/NI Project Data/记录-2024-09-08 010205 988.tdms
Time to read the file: 15.518186599999979 Seconds
Creating file: /mnt/d/RUNs_data_analysis/RUN2409/Converted_Data/tdms2/NewSB_09080102/1cmLMO/1cmLMO.BIN2
Processing chunk 0
Processing chunk 1
Processing chunk 2
Processing chunk 3
Processing chunk 4
Processing chunk 5
Processing chunk 6
Processing chunk 7
Processing chunk 8
Processing chunk 9
Processing chunk 10
Processing chunk 11
Processing chunk 12
Processing chunk 13
Processing chunk 14
Processing chunk 15
Processing chunk 16
Processing chunk 17
Processing chunk 18
Processing chunk 19
Processing chunk 20
Processing chunk 21
Processing chunk 22
Processing chunk 23
Processing chunk 24
Processing chunk 25
Processing chunk 26
Processing chunk 27
Processing chunk 28
Processing chunk 29
Processing chunk 30
Processing chunk 31
Processing chunk 32
Processing chunk 33
Processing chunk 34
Processing chunk 35
Creating file: /mnt/d/RUNs_data_analysis/RUN2409/Converted_Data/tdms2/NewSB_09080102/LD/LD.BIN2
Processing chunk 0
Processing chunk 1
Processing chunk 2
Processing chunk 3
Processing chunk 4
Processing chunk 5
Processing chunk 6
Processing chunk 7
Processing chunk 8
Processing chunk 9
Processing chunk 10
Processing chunk 11
Processing chunk 12
Processing chunk 13
Processing chunk 14
Processing chunk 15
Processing chunk 16
Processing chunk 17
Processing chunk 18
Processing chunk 19
Processing chunk 20
Processing chunk 21
Processing chunk 22
Processing chunk 23
Processing chunk 24
Processing chunk 25
Processing chunk 26
Processing chunk 27
Processing chunk 28
Processing chunk 29
Processing chunk 30
Processing chunk 31
Processing chunk 32
Processing chunk 33
Processing chunk 34
Processing chunk 35
Finished processing file: /mnt/d/RUNs/RUN2409/LC_measure/NI Project Data/记录-2024-09-08 010205 988.tdms
Processing file: /mnt/d/RUNs/RUN2409/LC_measure/NI Project Data/记录-2024-09-08 051105 259.tdms
Time to read the file: 15.454998799999998 Seconds
Creating file: /mnt/d/RUNs_data_analysis/RUN2409/Converted_Data/tdms2/NewSB_09080511/1cmLMO/1cmLMO.BIN2
Processing chunk 0
Processing chunk 1
Processing chunk 2
Processing chunk 3
Processing chunk 4
Processing chunk 5
Processing chunk 6
Processing chunk 7
Processing chunk 8
Processing chunk 9
Processing chunk 10
Processing chunk 11
Processing chunk 12
Processing chunk 13
Processing chunk 14
Processing chunk 15
Processing chunk 16
Processing chunk 17
Processing chunk 18
Processing chunk 19
Processing chunk 20
Processing chunk 21
Processing chunk 22
Processing chunk 23
Processing chunk 24
Processing chunk 25
Processing chunk 26
Processing chunk 27
Processing chunk 28
Processing chunk 29
Processing chunk 30
Processing chunk 31
Processing chunk 32
Processing chunk 33
Processing chunk 34
Processing chunk 35
Creating file: /mnt/d/RUNs_data_analysis/RUN2409/Converted_Data/tdms2/NewSB_09080511/LD/LD.BIN2
Processing chunk 0
Processing chunk 1
Processing chunk 2
Processing chunk 3
Processing chunk 4
Processing chunk 5
Processing chunk 6
Processing chunk 7
Processing chunk 8
Processing chunk 9
Processing chunk 10
Processing chunk 11
Processing chunk 12
Processing chunk 13
Processing chunk 14
Processing chunk 15
Processing chunk 16
Processing chunk 17
Processing chunk 18
Processing chunk 19
Processing chunk 20
Processing chunk 21
Processing chunk 22
Processing chunk 23
Processing chunk 24
Processing chunk 25
Processing chunk 26
Processing chunk 27
Processing chunk 28
Processing chunk 29
Processing chunk 30
Processing chunk 31
Processing chunk 32
Processing chunk 33
Processing chunk 34
Processing chunk 35
Finished processing file: /mnt/d/RUNs/RUN2409/LC_measure/NI Project Data/记录-2024-09-08 051105 259.tdms
Processing file: /mnt/d/RUNs/RUN2409/LC_measure/NI Project Data/记录-2024-09-08 144755 676.tdms
Time to read the file: 15.580869899999982 Seconds
Creating file: /mnt/d/RUNs_data_analysis/RUN2409/Converted_Data/tdms2/NewSB_09081447/1cmLMO/1cmLMO.BIN2
Processing chunk 0
Processing chunk 1
Processing chunk 2
Processing chunk 3
Processing chunk 4
Processing chunk 5
Processing chunk 6
Processing chunk 7
Processing chunk 8
Processing chunk 9
Processing chunk 10
Processing chunk 11
Processing chunk 12
Processing chunk 13
Processing chunk 14
Processing chunk 15
Processing chunk 16
Processing chunk 17
Processing chunk 18
Processing chunk 19
Processing chunk 20
Processing chunk 21
Processing chunk 22
Processing chunk 23
Processing chunk 24
Processing chunk 25
Processing chunk 26
Processing chunk 27
Processing chunk 28
Processing chunk 29
Processing chunk 30
Processing chunk 31
Processing chunk 32
Processing chunk 33
Processing chunk 34
Processing chunk 35
Creating file: /mnt/d/RUNs_data_analysis/RUN2409/Converted_Data/tdms2/NewSB_09081447/LD/LD.BIN2
Processing chunk 0
Processing chunk 1
Processing chunk 2
Processing chunk 3
Processing chunk 4
Processing chunk 5
Processing chunk 6
Processing chunk 7
Processing chunk 8
Processing chunk 9
Processing chunk 10
Processing chunk 11
Processing chunk 12
Processing chunk 13
Processing chunk 14
Processing chunk 15
Processing chunk 16
Processing chunk 17
Processing chunk 18
Processing chunk 19
Processing chunk 20
Processing chunk 21
Processing chunk 22
Processing chunk 23
Processing chunk 24
Processing chunk 25
Processing chunk 26
Processing chunk 27
Processing chunk 28
Processing chunk 29
Processing chunk 30
Processing chunk 31
Processing chunk 32
Processing chunk 33
Processing chunk 34
Processing chunk 35
Finished processing file: /mnt/d/RUNs/RUN2409/LC_measure/NI Project Data/记录-2024-09-08 144755 676.tdms
Processing file: /mnt/d/RUNs/RUN2409/LC_measure/NI Project Data/记录-2024-09-08 235645 900.tdms
Time to read the file: 15.448543899999947 Seconds
Creating file: /mnt/d/RUNs_data_analysis/RUN2409/Converted_Data/tdms2/NewSB_09082356/1cmLMO/1cmLMO.BIN2
Processing chunk 0
Processing chunk 1
Processing chunk 2
Processing chunk 3
Processing chunk 4
Processing chunk 5
Processing chunk 6
Processing chunk 7
Processing chunk 8
Processing chunk 9
Processing chunk 10
Processing chunk 11
Processing chunk 12
Processing chunk 13
Processing chunk 14
Processing chunk 15
Processing chunk 16
Processing chunk 17
Processing chunk 18
Processing chunk 19
Processing chunk 20
Processing chunk 21
Processing chunk 22
Processing chunk 23
Processing chunk 24
Processing chunk 25
Processing chunk 26
Processing chunk 27
Processing chunk 28
Processing chunk 29
Processing chunk 30
Processing chunk 31
Processing chunk 32
Processing chunk 33
Processing chunk 34
Processing chunk 35
Creating file: /mnt/d/RUNs_data_analysis/RUN2409/Converted_Data/tdms2/NewSB_09082356/LD/LD.BIN2
Processing chunk 0
Processing chunk 1
Processing chunk 2
Processing chunk 3
Processing chunk 4
Processing chunk 5
Processing chunk 6
Processing chunk 7
Processing chunk 8
Processing chunk 9
Processing chunk 10
Processing chunk 11
Processing chunk 12
Processing chunk 13
Processing chunk 14
Processing chunk 15
Processing chunk 16
Processing chunk 17
Processing chunk 18
Processing chunk 19
Processing chunk 20
Processing chunk 21
Processing chunk 22
Processing chunk 23
Processing chunk 24
Processing chunk 25
Processing chunk 26
Processing chunk 27
Processing chunk 28
Processing chunk 29
Processing chunk 30
Processing chunk 31
Processing chunk 32
Processing chunk 33
Processing chunk 34
Processing chunk 35
Finished processing file: /mnt/d/RUNs/RUN2409/LC_measure/NI Project Data/记录-2024-09-08 235645 900.tdms
Processing file: /mnt/d/RUNs/RUN2409/LC_measure/NI Project Data/记录-2024-09-09 041629 146.tdms
Time to read the file: 1.963357799999983 Seconds
Creating file: /mnt/d/RUNs_data_analysis/RUN2409/Converted_Data/tdms2/NewSB_09090416/1cmLMO/1cmLMO.BIN2
Processing chunk 0
Processing chunk 1
Processing chunk 2
Processing chunk 3
Processing chunk 4
Creating file: /mnt/d/RUNs_data_analysis/RUN2409/Converted_Data/tdms2/NewSB_09090416/LD/LD.BIN2
Processing chunk 0
Processing chunk 1
Processing chunk 2
Processing chunk 3
Processing chunk 4
Finished processing file: /mnt/d/RUNs/RUN2409/LC_measure/NI Project Data/记录-2024-09-09 041629 146.tdms
Processing file: /mnt/d/RUNs/RUN2409/LC_measure/NI Project Data/记录-2024-09-09 041629 146_decimation.tdms
Time to read the file: 0.011657500000012533 Seconds
TDMS file contains less than 2 groups.
Processing file: /mnt/d/RUNs/RUN2409/LC_measure/NI Project Data/记录-2024-09-09 054137 209.tdms
Time to read the file: 2.0038513999999736 Seconds
Creating file: /mnt/d/RUNs_data_analysis/RUN2409/Converted_Data/tdms2/NewSB_09090541/1cmLMO/1cmLMO.BIN2
Processing chunk 0
Processing chunk 1
Processing chunk 2
Processing chunk 3
Processing chunk 4
Creating file: /mnt/d/RUNs_data_analysis/RUN2409/Converted_Data/tdms2/NewSB_09090541/LD/LD.BIN2
Processing chunk 0
Processing chunk 1
Processing chunk 2
Processing chunk 3
Processing chunk 4
Finished processing file: /mnt/d/RUNs/RUN2409/LC_measure/NI Project Data/记录-2024-09-09 054137 209.tdms
Processing file: /mnt/d/RUNs/RUN2409/LC_measure/NI Project Data/记录-2024-09-09 054137 209_decimation.tdms
Time to read the file: 0.010337800000002062 Seconds
TDMS file contains less than 2 groups.
Processing file: /mnt/d/RUNs/RUN2409/LC_measure/NI Project Data/记录-2024-09-09 061935 582.tdms
Time to read the file: 1.9471987000000013 Seconds
Creating file: /mnt/d/RUNs_data_analysis/RUN2409/Converted_Data/tdms2/NewSB_09090619/1cmLMO/1cmLMO.BIN2
Processing chunk 0
Processing chunk 1
Processing chunk 2
Processing chunk 3
Processing chunk 4
Creating file: /mnt/d/RUNs_data_analysis/RUN2409/Converted_Data/tdms2/NewSB_09090619/LD/LD.BIN2
Processing chunk 0
Processing chunk 1
Processing chunk 2
Processing chunk 3
Processing chunk 4
Finished processing file: /mnt/d/RUNs/RUN2409/LC_measure/NI Project Data/记录-2024-09-09 061935 582.tdms
Processing file: /mnt/d/RUNs/RUN2409/LC_measure/NI Project Data/记录-2024-09-09 061935 582_decimation.tdms
Time to read the file: 0.010217299999965235 Seconds
TDMS file contains less than 2 groups.
Processing file: /mnt/d/RUNs/RUN2409/LC_measure/NI Project Data/记录-2024-09-09 102524 473.tdms
Time to read the file: 1.8600630000000251 Seconds
Creating file: /mnt/d/RUNs_data_analysis/RUN2409/Converted_Data/tdms2/NewSB_09091025/1cmLMO/1cmLMO.BIN2
Processing chunk 0
Processing chunk 1
Processing chunk 2
Processing chunk 3
Processing chunk 4
Creating file: /mnt/d/RUNs_data_analysis/RUN2409/Converted_Data/tdms2/NewSB_09091025/LD/LD.BIN2
Processing chunk 0
Processing chunk 1
Processing chunk 2
Processing chunk 3
Processing chunk 4
Finished processing file: /mnt/d/RUNs/RUN2409/LC_measure/NI Project Data/记录-2024-09-09 102524 473.tdms
Processing file: /mnt/d/RUNs/RUN2409/LC_measure/NI Project Data/记录-2024-09-09 102524 473_decimation.tdms
Time to read the file: 0.008148600000026818 Seconds
TDMS file contains less than 2 groups.
Processing file: /mnt/d/RUNs/RUN2409/LC_measure/NI Project Data/记录-2024-09-09 120520 067.tdms
Time to read the file: 15.557483999999988 Seconds
Creating file: /mnt/d/RUNs_data_analysis/RUN2409/Converted_Data/tdms2/NewSB_09091205/1cmLMO/1cmLMO.BIN2
Processing chunk 0
Processing chunk 1
Processing chunk 2
Processing chunk 3
Processing chunk 4
Processing chunk 5
Processing chunk 6
Processing chunk 7
Processing chunk 8
Processing chunk 9
Processing chunk 10
Processing chunk 11
Processing chunk 12
Processing chunk 13
Processing chunk 14
Processing chunk 15
Processing chunk 16
Processing chunk 17
Processing chunk 18
Processing chunk 19
Processing chunk 20
Processing chunk 21
Processing chunk 22
Processing chunk 23
Processing chunk 24
Processing chunk 25
Processing chunk 26
Processing chunk 27
Processing chunk 28
Processing chunk 29
Processing chunk 30
Processing chunk 31
Processing chunk 32
Processing chunk 33
Processing chunk 34
Processing chunk 35
Creating file: /mnt/d/RUNs_data_analysis/RUN2409/Converted_Data/tdms2/NewSB_09091205/LD/LD.BIN2
Processing chunk 0
Processing chunk 1
Processing chunk 2
Processing chunk 3
Processing chunk 4
Processing chunk 5
Processing chunk 6
Processing chunk 7
Processing chunk 8
Processing chunk 9
Processing chunk 10
Processing chunk 11
Processing chunk 12
Processing chunk 13
Processing chunk 14
Processing chunk 15
Processing chunk 16
Processing chunk 17
Processing chunk 18
Processing chunk 19
Processing chunk 20
Processing chunk 21
Processing chunk 22
Processing chunk 23
Processing chunk 24
Processing chunk 25
Processing chunk 26
Processing chunk 27
Processing chunk 28
Processing chunk 29
Processing chunk 30
Processing chunk 31
Processing chunk 32
Processing chunk 33
Processing chunk 34
Processing chunk 35
Finished processing file: /mnt/d/RUNs/RUN2409/LC_measure/NI Project Data/记录-2024-09-09 120520 067.tdms
Processing file: /mnt/d/RUNs/RUN2409/LC_measure/NI Project Data/记录-2024-09-09 234605 969.tdms
Time to read the file: 9.5565651 Seconds
Creating file: /mnt/d/RUNs_data_analysis/RUN2409/Converted_Data/tdms2/NewSB_09092346/1cmLMO/1cmLMO.BIN2
Processing chunk 0
Processing chunk 1
Processing chunk 2
Processing chunk 3
Processing chunk 4
Processing chunk 5
Processing chunk 6
Processing chunk 7
Processing chunk 8
Processing chunk 9
Processing chunk 10
Processing chunk 11
Processing chunk 12
Processing chunk 13
Processing chunk 14
Processing chunk 15
Processing chunk 16
Processing chunk 17
Processing chunk 18
Processing chunk 19
Processing chunk 20
Processing chunk 21
Processing chunk 22
Creating file: /mnt/d/RUNs_data_analysis/RUN2409/Converted_Data/tdms2/NewSB_09092346/LD/LD.BIN2
Processing chunk 0
Processing chunk 1
Processing chunk 2
Processing chunk 3
Processing chunk 4
Processing chunk 5
Processing chunk 6
Processing chunk 7
Processing chunk 8
Processing chunk 9
Processing chunk 10
Processing chunk 11
Processing chunk 12
Processing chunk 13
Processing chunk 14
Processing chunk 15
Processing chunk 16
Processing chunk 17
Processing chunk 18
Processing chunk 19
Processing chunk 20
Processing chunk 21
Processing chunk 22
Finished processing file: /mnt/d/RUNs/RUN2409/LC_measure/NI Project Data/记录-2024-09-09 234605 969.tdms
Processing file: /mnt/d/RUNs/RUN2409/LC_measure/NI Project Data/记录-2024-09-10 025806 841.tdms
Time to read the file: 2.5285699000000363 Seconds
Creating file: /mnt/d/RUNs_data_analysis/RUN2409/Converted_Data/tdms2/NewSB_09100258/1cmLMO/1cmLMO.BIN2
Processing chunk 0
Processing chunk 1
Processing chunk 2
Processing chunk 3
Processing chunk 4
Processing chunk 5
Processing chunk 6
Creating file: /mnt/d/RUNs_data_analysis/RUN2409/Converted_Data/tdms2/NewSB_09100258/LD/LD.BIN2
Processing chunk 0
Processing chunk 1
Processing chunk 2
Processing chunk 3
Processing chunk 4
Processing chunk 5
Processing chunk 6
Finished processing file: /mnt/d/RUNs/RUN2409/LC_measure/NI Project Data/记录-2024-09-10 025806 841.tdms
Processing file: /mnt/d/RUNs/RUN2409/LC_measure/NI Project Data/记录-2024-09-10 034115 930.tdms
Time to read the file: 1.9879897000000142 Seconds
Creating file: /mnt/d/RUNs_data_analysis/RUN2409/Converted_Data/tdms2/NewSB_09100341/1cmLMO/1cmLMO.BIN2
Processing chunk 0
Processing chunk 1
Processing chunk 2
Processing chunk 3
Processing chunk 4
Creating file: /mnt/d/RUNs_data_analysis/RUN2409/Converted_Data/tdms2/NewSB_09100341/LD/LD.BIN2
Processing chunk 0
Processing chunk 1
Processing chunk 2
Processing chunk 3
Processing chunk 4
Finished processing file: /mnt/d/RUNs/RUN2409/LC_measure/NI Project Data/记录-2024-09-10 034115 930.tdms
Processing file: /mnt/d/RUNs/RUN2409/LC_measure/NI Project Data/记录-2024-09-10 034115 930_decimation.tdms
Time to read the file: 0.007866299999989224 Seconds
TDMS file contains less than 2 groups.
Processing file: /mnt/d/RUNs/RUN2409/LC_measure/NI Project Data/记录-2024-09-10 053144 243.tdms
Time to read the file: 14.94140920000001 Seconds
Creating file: /mnt/d/RUNs_data_analysis/RUN2409/Converted_Data/tdms2/NewSB_09100531/1cmLMO/1cmLMO.BIN2
Processing chunk 0
Processing chunk 1
Processing chunk 2
Processing chunk 3
Processing chunk 4
Processing chunk 5
Processing chunk 6
Processing chunk 7
Processing chunk 8
Processing chunk 9
Processing chunk 10
Processing chunk 11
Processing chunk 12
Processing chunk 13
Processing chunk 14
Processing chunk 15
Processing chunk 16
Processing chunk 17
Processing chunk 18
Processing chunk 19
Processing chunk 20
Processing chunk 21
Processing chunk 22
Processing chunk 23
Processing chunk 24
Processing chunk 25
Processing chunk 26
Processing chunk 27
Processing chunk 28
Processing chunk 29
Processing chunk 30
Processing chunk 31
Processing chunk 32
Processing chunk 33
Processing chunk 34
Processing chunk 35
Creating file: /mnt/d/RUNs_data_analysis/RUN2409/Converted_Data/tdms2/NewSB_09100531/LD/LD.BIN2
Processing chunk 0
Processing chunk 1
Processing chunk 2
Processing chunk 3
Processing chunk 4
Processing chunk 5
Processing chunk 6
Processing chunk 7
Processing chunk 8
Processing chunk 9
Processing chunk 10
Processing chunk 11
Processing chunk 12
Processing chunk 13
Processing chunk 14
Processing chunk 15
Processing chunk 16
Processing chunk 17
Processing chunk 18
Processing chunk 19
Processing chunk 20
Processing chunk 21
Processing chunk 22
Processing chunk 23
Processing chunk 24
Processing chunk 25
Processing chunk 26
Processing chunk 27
Processing chunk 28
Processing chunk 29
Processing chunk 30
Processing chunk 31
Processing chunk 32
Processing chunk 33
Processing chunk 34
Processing chunk 35
Finished processing file: /mnt/d/RUNs/RUN2409/LC_measure/NI Project Data/记录-2024-09-10 053144 243.tdms
Processing file: /mnt/d/RUNs/RUN2409/LC_measure/NI Project Data/记录-2024-09-10 104828 700.tdms
Time to read the file: 14.815716699999996 Seconds
Creating file: /mnt/d/RUNs_data_analysis/RUN2409/Converted_Data/tdms2/NewSB_09101048/1cmLMO/1cmLMO.BIN2
Processing chunk 0
Processing chunk 1
Processing chunk 2
Processing chunk 3
Processing chunk 4
Processing chunk 5
Processing chunk 6
Processing chunk 7
Processing chunk 8
Processing chunk 9
Processing chunk 10
Processing chunk 11
Processing chunk 12
Processing chunk 13
Processing chunk 14
Processing chunk 15
Processing chunk 16
Processing chunk 17
Processing chunk 18
Processing chunk 19
Processing chunk 20
Processing chunk 21
Processing chunk 22
Processing chunk 23
Processing chunk 24
Processing chunk 25
Processing chunk 26
Processing chunk 27
Processing chunk 28
Processing chunk 29
Processing chunk 30
Processing chunk 31
Processing chunk 32
Processing chunk 33
Processing chunk 34
Processing chunk 35
Creating file: /mnt/d/RUNs_data_analysis/RUN2409/Converted_Data/tdms2/NewSB_09101048/LD/LD.BIN2
Processing chunk 0
Processing chunk 1
Processing chunk 2
Processing chunk 3
Processing chunk 4
Processing chunk 5
Processing chunk 6
Processing chunk 7
Processing chunk 8
Processing chunk 9
Processing chunk 10
Processing chunk 11
Processing chunk 12
Processing chunk 13
Processing chunk 14
Processing chunk 15
Processing chunk 16
Processing chunk 17
Processing chunk 18
Processing chunk 19
Processing chunk 20
Processing chunk 21
Processing chunk 22
Processing chunk 23
Processing chunk 24
Processing chunk 25
Processing chunk 26
Processing chunk 27
Processing chunk 28
Processing chunk 29
Processing chunk 30
Processing chunk 31
Processing chunk 32
Processing chunk 33
Processing chunk 34
Processing chunk 35
Finished processing file: /mnt/d/RUNs/RUN2409/LC_measure/NI Project Data/记录-2024-09-10 104828 700.tdms
Processing file: /mnt/d/RUNs/RUN2409/LC_measure/NI Project Data/记录-2024-09-11 020608 570.tdms
Time to read the file: 15.203010199999994 Seconds
Creating file: /mnt/d/RUNs_data_analysis/RUN2409/Converted_Data/tdms2/NewSB_09110206/1cmLMO/1cmLMO.BIN2
Processing chunk 0
Processing chunk 1
Processing chunk 2
Processing chunk 3
Processing chunk 4
Processing chunk 5
Processing chunk 6
Processing chunk 7
Processing chunk 8
Processing chunk 9
Processing chunk 10
Processing chunk 11
Processing chunk 12
Processing chunk 13
Processing chunk 14
Processing chunk 15
Processing chunk 16
Processing chunk 17
Processing chunk 18
Processing chunk 19
Processing chunk 20
Processing chunk 21
Processing chunk 22
Processing chunk 23
Processing chunk 24
Processing chunk 25
Processing chunk 26
Processing chunk 27
Processing chunk 28
Processing chunk 29
Processing chunk 30
Processing chunk 31
Processing chunk 32
Processing chunk 33
Processing chunk 34
Processing chunk 35
Creating file: /mnt/d/RUNs_data_analysis/RUN2409/Converted_Data/tdms2/NewSB_09110206/LD/LD.BIN2
Processing chunk 0
Processing chunk 1
Processing chunk 2
Processing chunk 3
Processing chunk 4
Processing chunk 5
Processing chunk 6
Processing chunk 7
Processing chunk 8
Processing chunk 9
Processing chunk 10
Processing chunk 11
Processing chunk 12
Processing chunk 13
Processing chunk 14
Processing chunk 15
Processing chunk 16
Processing chunk 17
Processing chunk 18
Processing chunk 19
Processing chunk 20
Processing chunk 21
Processing chunk 22
Processing chunk 23
Processing chunk 24
Processing chunk 25
Processing chunk 26
Processing chunk 27
Processing chunk 28
Processing chunk 29
Processing chunk 30
Processing chunk 31
Processing chunk 32
Processing chunk 33
Processing chunk 34
Processing chunk 35
Finished processing file: /mnt/d/RUNs/RUN2409/LC_measure/NI Project Data/记录-2024-09-11 020608 570.tdms
Processing file: /mnt/d/RUNs/RUN2409/LC_measure/NI Project Data/记录-2024-09-11 020608 570_decimation.tdms
Time to read the file: 0.03645240000003014 Seconds
TDMS file contains less than 2 groups.
Processing file: /mnt/d/RUNs/RUN2409/LC_measure/NI Project Data/记录-2024-09-11 160906 818.tdms
Time to read the file: 15.474086999999997 Seconds
Creating file: /mnt/d/RUNs_data_analysis/RUN2409/Converted_Data/tdms2/NewSB_09111609/1cmLMO/1cmLMO.BIN2
Processing chunk 0
Processing chunk 1
Processing chunk 2
Processing chunk 3
Processing chunk 4
Processing chunk 5
Processing chunk 6
Processing chunk 7
Processing chunk 8
Processing chunk 9
Processing chunk 10
Processing chunk 11
Processing chunk 12
Processing chunk 13
Processing chunk 14
Processing chunk 15
Processing chunk 16
Processing chunk 17
Processing chunk 18
Processing chunk 19
Processing chunk 20
Processing chunk 21
Processing chunk 22
Processing chunk 23
Processing chunk 24
Processing chunk 25
Processing chunk 26
Processing chunk 27
Processing chunk 28
Processing chunk 29
Processing chunk 30
Processing chunk 31
Processing chunk 32
Processing chunk 33
Processing chunk 34
Processing chunk 35
Creating file: /mnt/d/RUNs_data_analysis/RUN2409/Converted_Data/tdms2/NewSB_09111609/LD/LD.BIN2
Processing chunk 0
Processing chunk 1
Processing chunk 2
Processing chunk 3
Processing chunk 4
Processing chunk 5
Processing chunk 6
Processing chunk 7
Processing chunk 8
Processing chunk 9
Processing chunk 10
Processing chunk 11
Processing chunk 12
Processing chunk 13
Processing chunk 14
Processing chunk 15
Processing chunk 16
Processing chunk 17
Processing chunk 18
Processing chunk 19
Processing chunk 20
Processing chunk 21
Processing chunk 22
Processing chunk 23
Processing chunk 24
Processing chunk 25
Processing chunk 26
Processing chunk 27
Processing chunk 28
Processing chunk 29
Processing chunk 30
Processing chunk 31
Processing chunk 32
Processing chunk 33
Processing chunk 34
Processing chunk 35
Finished processing file: /mnt/d/RUNs/RUN2409/LC_measure/NI Project Data/记录-2024-09-11 160906 818.tdms
Processing file: /mnt/d/RUNs/RUN2409/LC_measure/NI Project Data/记录-2024-09-11 233630 046.tdms
Time to read the file: 15.522369400000002 Seconds
Creating file: /mnt/d/RUNs_data_analysis/RUN2409/Converted_Data/tdms2/NewSB_09112336/1cmLMO/1cmLMO.BIN2
Processing chunk 0
Processing chunk 1
Processing chunk 2
Processing chunk 3
Processing chunk 4
Processing chunk 5
Processing chunk 6
Processing chunk 7
Processing chunk 8
Processing chunk 9
Processing chunk 10
Processing chunk 11
Processing chunk 12
Processing chunk 13
Processing chunk 14
Processing chunk 15
Processing chunk 16
Processing chunk 17
Processing chunk 18
Processing chunk 19
Processing chunk 20
Processing chunk 21
Processing chunk 22
Processing chunk 23
Processing chunk 24
Processing chunk 25
Processing chunk 26
Processing chunk 27
Processing chunk 28
Processing chunk 29
Processing chunk 30
Processing chunk 31
Processing chunk 32
Processing chunk 33
Processing chunk 34
Processing chunk 35
Creating file: /mnt/d/RUNs_data_analysis/RUN2409/Converted_Data/tdms2/NewSB_09112336/LD/LD.BIN2
Processing chunk 0
Processing chunk 1
Processing chunk 2
Processing chunk 3
Processing chunk 4
Processing chunk 5
Processing chunk 6
Processing chunk 7
Processing chunk 8
Processing chunk 9
Processing chunk 10
Processing chunk 11
Processing chunk 12
Processing chunk 13
Processing chunk 14
Processing chunk 15
Processing chunk 16
Processing chunk 17
Processing chunk 18
Processing chunk 19
Processing chunk 20
Processing chunk 21
Processing chunk 22
Processing chunk 23
Processing chunk 24
Processing chunk 25
Processing chunk 26
Processing chunk 27
Processing chunk 28
Processing chunk 29
Processing chunk 30
Processing chunk 31
Processing chunk 32
Processing chunk 33
Processing chunk 34
Processing chunk 35
Finished processing file: /mnt/d/RUNs/RUN2409/LC_measure/NI Project Data/记录-2024-09-11 233630 046.tdms
Processing file: /mnt/d/RUNs/RUN2409/LC_measure/NI Project Data/记录-2024-09-12 061820 351.tdms
Time to read the file: 15.379620499999987 Seconds
Creating file: /mnt/d/RUNs_data_analysis/RUN2409/Converted_Data/tdms2/NewSB_09120618/1cmLMO/1cmLMO.BIN2
Processing chunk 0
Processing chunk 1
Processing chunk 2
Processing chunk 3
Processing chunk 4
Processing chunk 5
Processing chunk 6
Processing chunk 7
Processing chunk 8
Processing chunk 9
Processing chunk 10
Processing chunk 11
Processing chunk 12
Processing chunk 13
Processing chunk 14
Processing chunk 15
Processing chunk 16
Processing chunk 17
Processing chunk 18
Processing chunk 19
Processing chunk 20
Processing chunk 21
Processing chunk 22
Processing chunk 23
Processing chunk 24
Processing chunk 25
Processing chunk 26
Processing chunk 27
Processing chunk 28
Processing chunk 29
Processing chunk 30
Processing chunk 31
Processing chunk 32
Processing chunk 33
Processing chunk 34
Processing chunk 35
Creating file: /mnt/d/RUNs_data_analysis/RUN2409/Converted_Data/tdms2/NewSB_09120618/LD/LD.BIN2
Processing chunk 0
Processing chunk 1
Processing chunk 2
Processing chunk 3
Processing chunk 4
Processing chunk 5
Processing chunk 6
Processing chunk 7
Processing chunk 8
Processing chunk 9
Processing chunk 10
Processing chunk 11
Processing chunk 12
Processing chunk 13
Processing chunk 14
Processing chunk 15
Processing chunk 16
Processing chunk 17
Processing chunk 18
Processing chunk 19
Processing chunk 20
Processing chunk 21
Processing chunk 22
Processing chunk 23
Processing chunk 24
Processing chunk 25
Processing chunk 26
Processing chunk 27
Processing chunk 28
Processing chunk 29
Processing chunk 30
Processing chunk 31
Processing chunk 32
Processing chunk 33
Processing chunk 34
Processing chunk 35
Finished processing file: /mnt/d/RUNs/RUN2409/LC_measure/NI Project Data/记录-2024-09-12 061820 351.tdms
Processing file: /mnt/d/RUNs/RUN2409/LC_measure/NI Project Data/记录-2024-09-12 102221 456.tdms
Time to read the file: 15.392492199999992 Seconds
Creating file: /mnt/d/RUNs_data_analysis/RUN2409/Converted_Data/tdms2/NewSB_09121022/1cmLMO/1cmLMO.BIN2
Processing chunk 0
Processing chunk 1
Processing chunk 2
Processing chunk 3
Processing chunk 4
Processing chunk 5
Processing chunk 6
Processing chunk 7
Processing chunk 8
Processing chunk 9
Processing chunk 10
Processing chunk 11
Processing chunk 12
Processing chunk 13
Processing chunk 14
Processing chunk 15
Processing chunk 16
Processing chunk 17
Processing chunk 18
Processing chunk 19
Processing chunk 20
Processing chunk 21
Processing chunk 22
Processing chunk 23
Processing chunk 24
Processing chunk 25
Processing chunk 26
Processing chunk 27
Processing chunk 28
Processing chunk 29
Processing chunk 30
Processing chunk 31
Processing chunk 32
Processing chunk 33
Processing chunk 34
Processing chunk 35
Creating file: /mnt/d/RUNs_data_analysis/RUN2409/Converted_Data/tdms2/NewSB_09121022/LD/LD.BIN2
Processing chunk 0
Processing chunk 1
Processing chunk 2
Processing chunk 3
Processing chunk 4
Processing chunk 5
Processing chunk 6
Processing chunk 7
Processing chunk 8
Processing chunk 9
Processing chunk 10
Processing chunk 11
Processing chunk 12
Processing chunk 13
Processing chunk 14
Processing chunk 15
Processing chunk 16
Processing chunk 17
Processing chunk 18
Processing chunk 19
Processing chunk 20
Processing chunk 21
Processing chunk 22
Processing chunk 23
Processing chunk 24
Processing chunk 25
Processing chunk 26
Processing chunk 27
Processing chunk 28
Processing chunk 29
Processing chunk 30
Processing chunk 31
Processing chunk 32
Processing chunk 33
Processing chunk 34
Processing chunk 35
Finished processing file: /mnt/d/RUNs/RUN2409/LC_measure/NI Project Data/记录-2024-09-12 102221 456.tdms
Processing file: /mnt/d/RUNs/RUN2409/LC_measure/NI Project Data/记录-2024-09-12 142256 105.tdms
Time to read the file: 15.364273099999991 Seconds
Creating file: /mnt/d/RUNs_data_analysis/RUN2409/Converted_Data/tdms2/NewSB_09121422/1cmLMO/1cmLMO.BIN2
Processing chunk 0
Processing chunk 1
Processing chunk 2
Processing chunk 3
Processing chunk 4
Processing chunk 5
Processing chunk 6
Processing chunk 7
Processing chunk 8
Processing chunk 9
Processing chunk 10
Processing chunk 11
Processing chunk 12
Processing chunk 13
Processing chunk 14
Processing chunk 15
Processing chunk 16
Processing chunk 17
Processing chunk 18
Processing chunk 19
Processing chunk 20
Processing chunk 21
Processing chunk 22
Processing chunk 23
Processing chunk 24
Processing chunk 25
Processing chunk 26
Processing chunk 27
Processing chunk 28
Processing chunk 29
Processing chunk 30
Processing chunk 31
Processing chunk 32
Processing chunk 33
Processing chunk 34
Processing chunk 35
Creating file: /mnt/d/RUNs_data_analysis/RUN2409/Converted_Data/tdms2/NewSB_09121422/LD/LD.BIN2
Processing chunk 0
Processing chunk 1
Processing chunk 2
Processing chunk 3
Processing chunk 4
Processing chunk 5
Processing chunk 6
Processing chunk 7
Processing chunk 8
Processing chunk 9
Processing chunk 10
Processing chunk 11
Processing chunk 12
Processing chunk 13
Processing chunk 14
Processing chunk 15
Processing chunk 16
Processing chunk 17
Processing chunk 18
Processing chunk 19
Processing chunk 20
Processing chunk 21
Processing chunk 22
Processing chunk 23
Processing chunk 24
Processing chunk 25
Processing chunk 26
Processing chunk 27
Processing chunk 28
Processing chunk 29
Processing chunk 30
Processing chunk 31
Processing chunk 32
Processing chunk 33
Processing chunk 34
Processing chunk 35
Finished processing file: /mnt/d/RUNs/RUN2409/LC_measure/NI Project Data/记录-2024-09-12 142256 105.tdms
Processing file: /mnt/d/RUNs/RUN2409/LC_measure/NI Project Data/记录-2024-09-13 004842 731.tdms
Time to read the file: 15.17566069999998 Seconds
Creating file: /mnt/d/RUNs_data_analysis/RUN2409/Converted_Data/tdms2/NewSB_09130048/1cmLMO/1cmLMO.BIN2
Processing chunk 0
Processing chunk 1
Processing chunk 2
Processing chunk 3
Processing chunk 4
Processing chunk 5
Processing chunk 6
Processing chunk 7
Processing chunk 8
Processing chunk 9
Processing chunk 10
Processing chunk 11
Processing chunk 12
Processing chunk 13
Processing chunk 14
Processing chunk 15
Processing chunk 16
Processing chunk 17
Processing chunk 18
Processing chunk 19
Processing chunk 20
Processing chunk 21
Processing chunk 22
Processing chunk 23
Processing chunk 24
Processing chunk 25
Processing chunk 26
Processing chunk 27
Processing chunk 28
Processing chunk 29
Processing chunk 30
Processing chunk 31
Processing chunk 32
Processing chunk 33
Processing chunk 34
Processing chunk 35
Creating file: /mnt/d/RUNs_data_analysis/RUN2409/Converted_Data/tdms2/NewSB_09130048/LD/LD.BIN2
Processing chunk 0
Processing chunk 1
Processing chunk 2
Processing chunk 3
Processing chunk 4
Processing chunk 5
Processing chunk 6
Processing chunk 7
Processing chunk 8
Processing chunk 9
Processing chunk 10
Processing chunk 11
Processing chunk 12
Processing chunk 13
Processing chunk 14
Processing chunk 15
Processing chunk 16
Processing chunk 17
Processing chunk 18
Processing chunk 19
Processing chunk 20
Processing chunk 21
Processing chunk 22
Processing chunk 23
Processing chunk 24
Processing chunk 25
Processing chunk 26
Processing chunk 27
Processing chunk 28
Processing chunk 29
Processing chunk 30
Processing chunk 31
Processing chunk 32
Processing chunk 33
Processing chunk 34
Processing chunk 35
Finished processing file: /mnt/d/RUNs/RUN2409/LC_measure/NI Project Data/记录-2024-09-13 004842 731.tdms
Processing file: /mnt/d/RUNs/RUN2409/LC_measure/NI Project Data/记录-2024-09-13 044953 563.tdms
Time to read the file: 15.408963099999937 Seconds
Creating file: /mnt/d/RUNs_data_analysis/RUN2409/Converted_Data/tdms2/NewSB_09130449/1cmLMO/1cmLMO.BIN2
Processing chunk 0
Processing chunk 1
Processing chunk 2
Processing chunk 3
Processing chunk 4
Processing chunk 5
Processing chunk 6
Processing chunk 7
Processing chunk 8
Processing chunk 9
Processing chunk 10
Processing chunk 11
Processing chunk 12
Processing chunk 13
Processing chunk 14
Processing chunk 15
Processing chunk 16
Processing chunk 17
Processing chunk 18
Processing chunk 19
Processing chunk 20
Processing chunk 21
Processing chunk 22
Processing chunk 23
Processing chunk 24
Processing chunk 25
Processing chunk 26
Processing chunk 27
Processing chunk 28
Processing chunk 29
Processing chunk 30
Processing chunk 31
Processing chunk 32
Processing chunk 33
Processing chunk 34
Processing chunk 35
Creating file: /mnt/d/RUNs_data_analysis/RUN2409/Converted_Data/tdms2/NewSB_09130449/LD/LD.BIN2
Processing chunk 0
Processing chunk 1
Processing chunk 2
Processing chunk 3
Processing chunk 4
Processing chunk 5
Processing chunk 6
Processing chunk 7
Processing chunk 8
Processing chunk 9
Processing chunk 10
Processing chunk 11
Processing chunk 12
Processing chunk 13
Processing chunk 14
Processing chunk 15
Processing chunk 16
Processing chunk 17
Processing chunk 18
Processing chunk 19
Processing chunk 20
Processing chunk 21
Processing chunk 22
Processing chunk 23
Processing chunk 24
Processing chunk 25
Processing chunk 26
Processing chunk 27
Processing chunk 28
Processing chunk 29
Processing chunk 30
Processing chunk 31
Processing chunk 32
Processing chunk 33
Processing chunk 34
Processing chunk 35
Finished processing file: /mnt/d/RUNs/RUN2409/LC_measure/NI Project Data/记录-2024-09-13 044953 563.tdms
Processing file: /mnt/d/RUNs/RUN2409/LC_measure/NI Project Data/记录-2024-09-13 085803 051.tdms
Time to read the file: 15.464707800000042 Seconds
Creating file: /mnt/d/RUNs_data_analysis/RUN2409/Converted_Data/tdms2/NewSB_09130858/1cmLMO/1cmLMO.BIN2
Processing chunk 0
Processing chunk 1
Processing chunk 2
Processing chunk 3
Processing chunk 4
Processing chunk 5
Processing chunk 6
Processing chunk 7
Processing chunk 8
Processing chunk 9
Processing chunk 10
Processing chunk 11
Processing chunk 12
Processing chunk 13
Processing chunk 14
Processing chunk 15
Processing chunk 16
Processing chunk 17
Processing chunk 18
Processing chunk 19
Processing chunk 20
Processing chunk 21
Processing chunk 22
Processing chunk 23
Processing chunk 24
Processing chunk 25
Processing chunk 26
Processing chunk 27
Processing chunk 28
Processing chunk 29
Processing chunk 30
Processing chunk 31
Processing chunk 32
Processing chunk 33
Processing chunk 34
Processing chunk 35
Creating file: /mnt/d/RUNs_data_analysis/RUN2409/Converted_Data/tdms2/NewSB_09130858/LD/LD.BIN2
Processing chunk 0
Processing chunk 1
Processing chunk 2
Processing chunk 3
Processing chunk 4
Processing chunk 5
Processing chunk 6
Processing chunk 7
Processing chunk 8
Processing chunk 9
Processing chunk 10
Processing chunk 11
Processing chunk 12
Processing chunk 13
Processing chunk 14
Processing chunk 15
Processing chunk 16
Processing chunk 17
Processing chunk 18
Processing chunk 19
Processing chunk 20
Processing chunk 21
Processing chunk 22
Processing chunk 23
Processing chunk 24
Processing chunk 25
Processing chunk 26
Processing chunk 27
Processing chunk 28
Processing chunk 29
Processing chunk 30
Processing chunk 31
Processing chunk 32
Processing chunk 33
Processing chunk 34
Processing chunk 35
Finished processing file: /mnt/d/RUNs/RUN2409/LC_measure/NI Project Data/记录-2024-09-13 085803 051.tdms
Processing file: /mnt/d/RUNs/RUN2409/LC_measure/NI Project Data/记录-2024-09-13 140449 665.tdms
Time to read the file: 15.555397799999923 Seconds
Creating file: /mnt/d/RUNs_data_analysis/RUN2409/Converted_Data/tdms2/NewSB_09131404/1cmLMO/1cmLMO.BIN2
Processing chunk 0
Processing chunk 1
Processing chunk 2
Processing chunk 3
Processing chunk 4
Processing chunk 5
Processing chunk 6
Processing chunk 7
Processing chunk 8
Processing chunk 9
Processing chunk 10
Processing chunk 11
Processing chunk 12
Processing chunk 13
Processing chunk 14
Processing chunk 15
Processing chunk 16
Processing chunk 17
Processing chunk 18
Processing chunk 19
Processing chunk 20
Processing chunk 21
Processing chunk 22
Processing chunk 23
Processing chunk 24
Processing chunk 25
Processing chunk 26
Processing chunk 27
Processing chunk 28
Processing chunk 29
Processing chunk 30
Processing chunk 31
Processing chunk 32
Processing chunk 33
Processing chunk 34
Processing chunk 35
Creating file: /mnt/d/RUNs_data_analysis/RUN2409/Converted_Data/tdms2/NewSB_09131404/LD/LD.BIN2
Processing chunk 0
Processing chunk 1
Processing chunk 2
Processing chunk 3
Processing chunk 4
Processing chunk 5
Processing chunk 6
Processing chunk 7
Processing chunk 8
Processing chunk 9
Processing chunk 10
Processing chunk 11
Processing chunk 12
Processing chunk 13
Processing chunk 14
Processing chunk 15
Processing chunk 16
Processing chunk 17
Processing chunk 18
Processing chunk 19
Processing chunk 20
Processing chunk 21
Processing chunk 22
Processing chunk 23
Processing chunk 24
Processing chunk 25
Processing chunk 26
Processing chunk 27
Processing chunk 28
Processing chunk 29
Processing chunk 30
Processing chunk 31
Processing chunk 32
Processing chunk 33
Processing chunk 34
Processing chunk 35
Finished processing file: /mnt/d/RUNs/RUN2409/LC_measure/NI Project Data/记录-2024-09-13 140449 665.tdms
Processing file: /mnt/d/RUNs/RUN2409/LC_measure/NI Project Data/记录-2024-09-14 000704 963.tdms
Time to read the file: 15.369756700000039 Seconds
Creating file: /mnt/d/RUNs_data_analysis/RUN2409/Converted_Data/tdms2/NewSB_09140007/1cmLMO/1cmLMO.BIN2
Processing chunk 0
Processing chunk 1
Processing chunk 2
Processing chunk 3
Processing chunk 4
Processing chunk 5
Processing chunk 6
Processing chunk 7
Processing chunk 8
Processing chunk 9
Processing chunk 10
Processing chunk 11
Processing chunk 12
Processing chunk 13
Processing chunk 14
Processing chunk 15
Processing chunk 16
Processing chunk 17
Processing chunk 18
Processing chunk 19
Processing chunk 20
Processing chunk 21
Processing chunk 22
Processing chunk 23
Processing chunk 24
Processing chunk 25
Processing chunk 26
Processing chunk 27
Processing chunk 28
Processing chunk 29
Processing chunk 30
Processing chunk 31
Processing chunk 32
Processing chunk 33
Processing chunk 34
Processing chunk 35
Creating file: /mnt/d/RUNs_data_analysis/RUN2409/Converted_Data/tdms2/NewSB_09140007/LD/LD.BIN2
Processing chunk 0
Processing chunk 1
Processing chunk 2
Processing chunk 3
Processing chunk 4
Processing chunk 5
Processing chunk 6
Processing chunk 7
Processing chunk 8
Processing chunk 9
Processing chunk 10
Processing chunk 11
Processing chunk 12
Processing chunk 13
Processing chunk 14
Processing chunk 15
Processing chunk 16
Processing chunk 17
Processing chunk 18
Processing chunk 19
Processing chunk 20
Processing chunk 21
Processing chunk 22
Processing chunk 23
Processing chunk 24
Processing chunk 25
Processing chunk 26
Processing chunk 27
Processing chunk 28
Processing chunk 29
Processing chunk 30
Processing chunk 31
Processing chunk 32
Processing chunk 33
Processing chunk 34
Processing chunk 35
Finished processing file: /mnt/d/RUNs/RUN2409/LC_measure/NI Project Data/记录-2024-09-14 000704 963.tdms
Processing file: /mnt/d/RUNs/RUN2409/LC_measure/NI Project Data/记录-2024-09-14 065341 188.tdms
Time to read the file: 15.504245500000025 Seconds
Creating file: /mnt/d/RUNs_data_analysis/RUN2409/Converted_Data/tdms2/NewSB_09140653/1cmLMO/1cmLMO.BIN2
Processing chunk 0
Processing chunk 1
Processing chunk 2
Processing chunk 3
Processing chunk 4
Processing chunk 5
Processing chunk 6
Processing chunk 7
Processing chunk 8
Processing chunk 9
Processing chunk 10
Processing chunk 11
Processing chunk 12
Processing chunk 13
Processing chunk 14
Processing chunk 15
Processing chunk 16
Processing chunk 17
Processing chunk 18
Processing chunk 19
Processing chunk 20
Processing chunk 21
Processing chunk 22
Processing chunk 23
Processing chunk 24
Processing chunk 25
Processing chunk 26
Processing chunk 27
Processing chunk 28
Processing chunk 29
Processing chunk 30
Processing chunk 31
Processing chunk 32
Processing chunk 33
Processing chunk 34
Processing chunk 35
Creating file: /mnt/d/RUNs_data_analysis/RUN2409/Converted_Data/tdms2/NewSB_09140653/LD/LD.BIN2
Processing chunk 0
Processing chunk 1
Processing chunk 2
Processing chunk 3
Processing chunk 4
Processing chunk 5
Processing chunk 6
Processing chunk 7
Processing chunk 8
Processing chunk 9
Processing chunk 10
Processing chunk 11
Processing chunk 12
Processing chunk 13
Processing chunk 14
Processing chunk 15
Processing chunk 16
Processing chunk 17
Processing chunk 18
Processing chunk 19
Processing chunk 20
Processing chunk 21
Processing chunk 22
Processing chunk 23
Processing chunk 24
Processing chunk 25
Processing chunk 26
Processing chunk 27
Processing chunk 28
Processing chunk 29
Processing chunk 30
Processing chunk 31
Processing chunk 32
Processing chunk 33
Processing chunk 34
Processing chunk 35
Finished processing file: /mnt/d/RUNs/RUN2409/LC_measure/NI Project Data/记录-2024-09-14 065341 188.tdms
Processing file: /mnt/d/RUNs/RUN2409/LC_measure/NI Project Data/记录-2024-09-14 122410 084.tdms
Time to read the file: 15.36803400000008 Seconds
Creating file: /mnt/d/RUNs_data_analysis/RUN2409/Converted_Data/tdms2/NewSB_09141224/1cmLMO/1cmLMO.BIN2
Processing chunk 0
Processing chunk 1
Processing chunk 2
Processing chunk 3
Processing chunk 4
Processing chunk 5
Processing chunk 6
Processing chunk 7
Processing chunk 8
Processing chunk 9
Processing chunk 10
Processing chunk 11
Processing chunk 12
Processing chunk 13
Processing chunk 14
Processing chunk 15
Processing chunk 16
Processing chunk 17
Processing chunk 18
Processing chunk 19
Processing chunk 20
Processing chunk 21
Processing chunk 22
Processing chunk 23
Processing chunk 24
Processing chunk 25
Processing chunk 26
Processing chunk 27
Processing chunk 28
Processing chunk 29
Processing chunk 30
Processing chunk 31
Processing chunk 32
Processing chunk 33
Processing chunk 34
Processing chunk 35
Creating file: /mnt/d/RUNs_data_analysis/RUN2409/Converted_Data/tdms2/NewSB_09141224/LD/LD.BIN2
Processing chunk 0
Processing chunk 1
Processing chunk 2
Processing chunk 3
Processing chunk 4
Processing chunk 5
Processing chunk 6
Processing chunk 7
Processing chunk 8
Processing chunk 9
Processing chunk 10
Processing chunk 11
Processing chunk 12
Processing chunk 13
Processing chunk 14
Processing chunk 15
Processing chunk 16
Processing chunk 17
Processing chunk 18
Processing chunk 19
Processing chunk 20
Processing chunk 21
Processing chunk 22
Processing chunk 23
Processing chunk 24
Processing chunk 25
Processing chunk 26
Processing chunk 27
Processing chunk 28
Processing chunk 29
Processing chunk 30
Processing chunk 31
Processing chunk 32
Processing chunk 33
Processing chunk 34
Processing chunk 35
Finished processing file: /mnt/d/RUNs/RUN2409/LC_measure/NI Project Data/记录-2024-09-14 122410 084.tdms
Processing file: /mnt/d/RUNs/RUN2409/LC_measure/NI Project Data/记录-2024-09-15 001150 766.tdms
Time to read the file: 15.460581100000013 Seconds
Creating file: /mnt/d/RUNs_data_analysis/RUN2409/Converted_Data/tdms2/NewSB_09150011/1cmLMO/1cmLMO.BIN2
Processing chunk 0
Processing chunk 1
Processing chunk 2
Processing chunk 3
Processing chunk 4
Processing chunk 5
Processing chunk 6
Processing chunk 7
Processing chunk 8
Processing chunk 9
Processing chunk 10
Processing chunk 11
Processing chunk 12
Processing chunk 13
Processing chunk 14
Processing chunk 15
Processing chunk 16
Processing chunk 17
Processing chunk 18
Processing chunk 19
Processing chunk 20
Processing chunk 21
Processing chunk 22
Processing chunk 23
Processing chunk 24
Processing chunk 25
Processing chunk 26
Processing chunk 27
Processing chunk 28
Processing chunk 29
Processing chunk 30
Processing chunk 31
Processing chunk 32
Processing chunk 33
Processing chunk 34
Processing chunk 35
Creating file: /mnt/d/RUNs_data_analysis/RUN2409/Converted_Data/tdms2/NewSB_09150011/LD/LD.BIN2
Processing chunk 0
Processing chunk 1
Processing chunk 2
Processing chunk 3
Processing chunk 4
Processing chunk 5
Processing chunk 6
Processing chunk 7
Processing chunk 8
Processing chunk 9
Processing chunk 10
Processing chunk 11
Processing chunk 12
Processing chunk 13
Processing chunk 14
Processing chunk 15
Processing chunk 16
Processing chunk 17
Processing chunk 18
Processing chunk 19
Processing chunk 20
Processing chunk 21
Processing chunk 22
Processing chunk 23
Processing chunk 24
Processing chunk 25
Processing chunk 26
Processing chunk 27
Processing chunk 28
Processing chunk 29
Processing chunk 30
Processing chunk 31
Processing chunk 32
Processing chunk 33
Processing chunk 34
Processing chunk 35
Finished processing file: /mnt/d/RUNs/RUN2409/LC_measure/NI Project Data/记录-2024-09-15 001150 766.tdms
Processing file: /mnt/d/RUNs/RUN2409/LC_measure/NI Project Data/记录-2024-09-15 044608 128.tdms
Time to read the file: 15.407010300000024 Seconds
Creating file: /mnt/d/RUNs_data_analysis/RUN2409/Converted_Data/tdms2/NewSB_09150446/1cmLMO/1cmLMO.BIN2
Processing chunk 0
Processing chunk 1
Processing chunk 2
Processing chunk 3
Processing chunk 4
Processing chunk 5
Processing chunk 6
Processing chunk 7
Processing chunk 8
Processing chunk 9
Processing chunk 10
Processing chunk 11
Processing chunk 12
Processing chunk 13
Processing chunk 14
Processing chunk 15
Processing chunk 16
Processing chunk 17
Processing chunk 18
Processing chunk 19
Processing chunk 20
Processing chunk 21
Processing chunk 22
Processing chunk 23
Processing chunk 24
Processing chunk 25
Processing chunk 26
Processing chunk 27
Processing chunk 28
Processing chunk 29
Processing chunk 30
Processing chunk 31
Processing chunk 32
Processing chunk 33
Processing chunk 34
Processing chunk 35
Creating file: /mnt/d/RUNs_data_analysis/RUN2409/Converted_Data/tdms2/NewSB_09150446/LD/LD.BIN2
Processing chunk 0
Processing chunk 1
Processing chunk 2
Processing chunk 3
Processing chunk 4
Processing chunk 5
Processing chunk 6
Processing chunk 7
Processing chunk 8
Processing chunk 9
Processing chunk 10
Processing chunk 11
Processing chunk 12
Processing chunk 13
Processing chunk 14
Processing chunk 15
Processing chunk 16
Processing chunk 17
Processing chunk 18
Processing chunk 19
Processing chunk 20
Processing chunk 21
Processing chunk 22
Processing chunk 23
Processing chunk 24
Processing chunk 25
Processing chunk 26
Processing chunk 27
Processing chunk 28
Processing chunk 29
Processing chunk 30
Processing chunk 31
Processing chunk 32
Processing chunk 33
Processing chunk 34
Processing chunk 35
Finished processing file: /mnt/d/RUNs/RUN2409/LC_measure/NI Project Data/记录-2024-09-15 044608 128.tdms
Processing file: /mnt/d/RUNs/RUN2409/LC_measure/NI Project Data/记录-2024-09-15 084922 961.tdms
Time to read the file: 15.284059599999978 Seconds
Creating file: /mnt/d/RUNs_data_analysis/RUN2409/Converted_Data/tdms2/NewSB_09150849/1cmLMO/1cmLMO.BIN2
Processing chunk 0
Processing chunk 1
Processing chunk 2
Processing chunk 3
Processing chunk 4
Processing chunk 5
Processing chunk 6
Processing chunk 7
Processing chunk 8
Processing chunk 9
Processing chunk 10
Processing chunk 11
Processing chunk 12
Processing chunk 13
Processing chunk 14
Processing chunk 15
Processing chunk 16
Processing chunk 17
Processing chunk 18
Processing chunk 19
Processing chunk 20
Processing chunk 21
Processing chunk 22
Processing chunk 23
Processing chunk 24
Processing chunk 25
Processing chunk 26
Processing chunk 27
Processing chunk 28
Processing chunk 29
Processing chunk 30
Processing chunk 31
Processing chunk 32
Processing chunk 33
Processing chunk 34
Processing chunk 35
Creating file: /mnt/d/RUNs_data_analysis/RUN2409/Converted_Data/tdms2/NewSB_09150849/LD/LD.BIN2
Processing chunk 0
Processing chunk 1
Processing chunk 2
Processing chunk 3
Processing chunk 4
Processing chunk 5
Processing chunk 6
Processing chunk 7
Processing chunk 8
Processing chunk 9
Processing chunk 10
Processing chunk 11
Processing chunk 12
Processing chunk 13
Processing chunk 14
Processing chunk 15
Processing chunk 16
Processing chunk 17
Processing chunk 18
Processing chunk 19
Processing chunk 20
Processing chunk 21
Processing chunk 22
Processing chunk 23
Processing chunk 24
Processing chunk 25
Processing chunk 26
Processing chunk 27
Processing chunk 28
Processing chunk 29
Processing chunk 30
Processing chunk 31
Processing chunk 32
Processing chunk 33
Processing chunk 34
Processing chunk 35
Finished processing file: /mnt/d/RUNs/RUN2409/LC_measure/NI Project Data/记录-2024-09-15 084922 961.tdms
Processing file: /mnt/d/RUNs/RUN2409/LC_measure/NI Project Data/记录-2024-09-15 125113 999.tdms
Time to read the file: 15.393809099999999 Seconds
Creating file: /mnt/d/RUNs_data_analysis/RUN2409/Converted_Data/tdms2/NewSB_09151251/1cmLMO/1cmLMO.BIN2
Processing chunk 0
Processing chunk 1
Processing chunk 2
Processing chunk 3
Processing chunk 4
Processing chunk 5
Processing chunk 6
Processing chunk 7
Processing chunk 8
Processing chunk 9
Processing chunk 10
Processing chunk 11
Processing chunk 12
Processing chunk 13
Processing chunk 14
Processing chunk 15
Processing chunk 16
Processing chunk 17
Processing chunk 18
Processing chunk 19
Processing chunk 20
Processing chunk 21
Processing chunk 22
Processing chunk 23
Processing chunk 24
Processing chunk 25
Processing chunk 26
Processing chunk 27
Processing chunk 28
Processing chunk 29
Processing chunk 30
Processing chunk 31
Processing chunk 32
Processing chunk 33
Processing chunk 34
Processing chunk 35
Creating file: /mnt/d/RUNs_data_analysis/RUN2409/Converted_Data/tdms2/NewSB_09151251/LD/LD.BIN2
Processing chunk 0
Processing chunk 1
Processing chunk 2
Processing chunk 3
Processing chunk 4
Processing chunk 5
Processing chunk 6
Processing chunk 7
Processing chunk 8
Processing chunk 9
Processing chunk 10
Processing chunk 11
Processing chunk 12
Processing chunk 13
Processing chunk 14
Processing chunk 15
Processing chunk 16
Processing chunk 17
Processing chunk 18
Processing chunk 19
Processing chunk 20
Processing chunk 21
Processing chunk 22
Processing chunk 23
Processing chunk 24
Processing chunk 25
Processing chunk 26
Processing chunk 27
Processing chunk 28
Processing chunk 29
Processing chunk 30
Processing chunk 31
Processing chunk 32
Processing chunk 33
Processing chunk 34
Processing chunk 35
Finished processing file: /mnt/d/RUNs/RUN2409/LC_measure/NI Project Data/记录-2024-09-15 125113 999.tdms
